2025-08-13 00:18:58.165 [HikariPool-60 housekeeper] WARN  com.zaxxer.hikari.pool.HikariPool - HikariPool-60 - Thread starvation or clock leap detected (housekeeper delta=1h5m54s745ms).
2025-08-13 01:22:54.764 [HikariPool-60 housekeeper] WARN  com.zaxxer.hikari.pool.HikariPool - HikariPool-60 - Thread starvation or clock leap detected (housekeeper delta=1h3m56s596ms).
2025-08-13 01:49:29.858 [HikariPool-60 housekeeper] WARN  com.zaxxer.hikari.pool.HikariPool - HikariPool-60 - Thread starvation or clock leap detected (housekeeper delta=26m35s104ms).
2025-08-13 03:06:52.328 [HikariPool-60 housekeeper] WARN  com.zaxxer.hikari.pool.HikariPool - HikariPool-60 - Thread starvation or clock leap detected (housekeeper delta=1h17m22s469ms).
2025-08-13 04:24:12.956 [HikariPool-60 housekeeper] WARN  com.zaxxer.hikari.pool.HikariPool - HikariPool-60 - Thread starvation or clock leap detected (housekeeper delta=1h17m20s628ms).
2025-08-13 05:40:55.856 [HikariPool-60 housekeeper] WARN  com.zaxxer.hikari.pool.HikariPool - HikariPool-60 - Thread starvation or clock leap detected (housekeeper delta=1h16m42s900ms).
2025-08-13 06:54:22.171 [HikariPool-60 housekeeper] WARN  com.zaxxer.hikari.pool.HikariPool - HikariPool-60 - Thread starvation or clock leap detected (housekeeper delta=1h13m26s315ms).
2025-08-13 07:55:21.399 [HikariPool-60 housekeeper] WARN  com.zaxxer.hikari.pool.HikariPool - HikariPool-60 - Thread starvation or clock leap detected (housekeeper delta=1h59s229ms).
2025-08-13 08:56:22.422 [HikariPool-60 housekeeper] WARN  com.zaxxer.hikari.pool.HikariPool - HikariPool-60 - Thread starvation or clock leap detected (housekeeper delta=1h1m1s23ms).
2025-08-13 08:57:22.319 [HikariPool-60 housekeeper] WARN  com.zaxxer.hikari.pool.HikariPool - HikariPool-60 - Thread starvation or clock leap detected (housekeeper delta=59s896ms).
2025-08-13 08:57:39.935 [http-nio-8080-exec-411] INFO  jdbc.audit - 58. Connection.isValid(5) returned true
2025-08-13 08:57:39.937 [http-nio-8080-exec-411] INFO  jdbc.audit - 58. Connection.getAutoCommit() returned true
2025-08-13 08:57:39.938 [http-nio-8080-exec-411] INFO  jdbc.audit - 58. PreparedStatement.new PreparedStatement returned 
2025-08-13 08:57:39.938 [http-nio-8080-exec-411] INFO  jdbc.audit - 58. Connection.prepareStatement(SELECT
            fin_prdt_nm AS productName,
            kor_co_nm AS bankName,
            max_limit AS maxLimit,
            join_way AS joinWay,
            mtrt_int AS mtrtInt,
            spcl_cnd AS spclCnd,
            join_member AS joinMember,
            etc_note AS etcNote,
            summary AS summary
        FROM product
        WHERE fin_prdt_cd = ?) returned net.sf.log4jdbc.sql.jdbcapi.PreparedStatementSpy@ca56947
2025-08-13 08:57:39.938 [http-nio-8080-exec-411] INFO  jdbc.audit - 58. PreparedStatement.setString(1, "10511008000996000") returned 
2025-08-13 08:57:39.938 [http-nio-8080-exec-411] INFO  jdbc.sqlonly - SELECT fin_prdt_nm AS productName, kor_co_nm AS bankName, max_limit AS maxLimit, join_way AS 
joinWay, mtrt_int AS mtrtInt, spcl_cnd AS spclCnd, join_member AS joinMember, etc_note AS etcNote, 
summary AS summary FROM product WHERE fin_prdt_cd = '10511008000996000' 

2025-08-13 08:57:39.940 [http-nio-8080-exec-411] INFO  jdbc.sqltiming - SELECT fin_prdt_nm AS productName, kor_co_nm AS bankName, max_limit AS maxLimit, join_way AS 
joinWay, mtrt_int AS mtrtInt, spcl_cnd AS spclCnd, join_member AS joinMember, etc_note AS etcNote, 
summary AS summary FROM product WHERE fin_prdt_cd = '10511008000996000' 
 {executed in 2 msec}
2025-08-13 08:57:39.940 [http-nio-8080-exec-411] INFO  jdbc.audit - 58. PreparedStatement.execute() returned true
2025-08-13 08:57:39.941 [http-nio-8080-exec-411] INFO  jdbc.resultset - 58. ResultSet.new ResultSet returned 
2025-08-13 08:57:39.941 [http-nio-8080-exec-411] INFO  jdbc.audit - 58. PreparedStatement.getResultSet() returned net.sf.log4jdbc.sql.jdbcapi.ResultSetSpy@89afc0b
2025-08-13 08:57:39.941 [http-nio-8080-exec-411] INFO  jdbc.resultset - 58. ResultSet.getMetaData() returned com.mysql.cj.jdbc.result.ResultSetMetaData@4d98637c - Field level information: 
	com.mysql.cj.result.Field@5b57ecfb[dbName=kongzea,tableName=product,originalTableName=product,columnName=productName,originalColumnName=fin_prdt_nm,mysqlType=253(FIELD_TYPE_VARCHAR),sqlType=12,flags=, charsetIndex=255, charsetName=UTF-8]
	com.mysql.cj.result.Field@7c1f4987[dbName=kongzea,tableName=product,originalTableName=product,columnName=bankName,originalColumnName=kor_co_nm,mysqlType=253(FIELD_TYPE_VARCHAR),sqlType=12,flags= MULTI_KEY, charsetIndex=255, charsetName=UTF-8]
	com.mysql.cj.result.Field@233a98ab[dbName=kongzea,tableName=product,originalTableName=product,columnName=maxLimit,originalColumnName=max_limit,mysqlType=8(FIELD_TYPE_BIGINT),sqlType=-5,flags=, charsetIndex=63, charsetName=ISO-8859-1]
	com.mysql.cj.result.Field@2db79c33[dbName=kongzea,tableName=product,originalTableName=product,columnName=joinWay,originalColumnName=join_way,mysqlType=253(FIELD_TYPE_VARCHAR),sqlType=12,flags=, charsetIndex=255, charsetName=UTF-8]
	com.mysql.cj.result.Field@49e39d4a[dbName=kongzea,tableName=product,originalTableName=product,columnName=mtrtInt,originalColumnName=mtrt_int,mysqlType=252(FIELD_TYPE_TEXT),sqlType=-1,flags= BLOB, charsetIndex=255, charsetName=UTF-8]
	com.mysql.cj.result.Field@4f36b680[dbName=kongzea,tableName=product,originalTableName=product,columnName=spclCnd,originalColumnName=spcl_cnd,mysqlType=252(FIELD_TYPE_TEXT),sqlType=-1,flags= BLOB, charsetIndex=255, charsetName=UTF-8]
	com.mysql.cj.result.Field@383e900d[dbName=kongzea,tableName=product,originalTableName=product,columnName=joinMember,originalColumnName=join_member,mysqlType=253(FIELD_TYPE_VARCHAR),sqlType=12,flags=, charsetIndex=255, charsetName=UTF-8]
	com.mysql.cj.result.Field@29f9c53d[dbName=kongzea,tableName=product,originalTableName=product,columnName=etcNote,originalColumnName=etc_note,mysqlType=252(FIELD_TYPE_TEXT),sqlType=-1,flags= BLOB, charsetIndex=255, charsetName=UTF-8]
	com.mysql.cj.result.Field@7ca51485[dbName=kongzea,tableName=product,originalTableName=product,columnName=summary,originalColumnName=summary,mysqlType=252(FIELD_TYPE_TEXT),sqlType=-1,flags= BLOB, charsetIndex=255, charsetName=UTF-8]
2025-08-13 08:57:39.941 [http-nio-8080-exec-411] INFO  jdbc.resultset - 58. ResultSet.getType() returned 1003
2025-08-13 08:57:39.941 [http-nio-8080-exec-411] INFO  jdbc.resultset - 58. ResultSet.next() returned true
2025-08-13 08:57:39.941 [http-nio-8080-exec-411] INFO  jdbc.resultset - 58. ResultSet.getString(productName) returned iM주거래우대예금(첫만남고객형)
2025-08-13 08:57:39.941 [http-nio-8080-exec-411] INFO  jdbc.resultset - 58. ResultSet.wasNull() returned false
2025-08-13 08:57:39.942 [http-nio-8080-exec-411] INFO  jdbc.resultset - 58. ResultSet.getString(bankName) returned 아이엠뱅크
2025-08-13 08:57:39.942 [http-nio-8080-exec-411] INFO  jdbc.resultset - 58. ResultSet.wasNull() returned false
2025-08-13 08:57:39.942 [http-nio-8080-exec-411] INFO  jdbc.resultset - 58. ResultSet.getLong(maxLimit) returned 0
2025-08-13 08:57:39.942 [http-nio-8080-exec-411] INFO  jdbc.resultset - 58. ResultSet.wasNull() returned true
2025-08-13 08:57:39.942 [http-nio-8080-exec-411] INFO  jdbc.resultset - 58. ResultSet.getString(joinWay) returned 영업점,인터넷,스마트폰
2025-08-13 08:57:39.942 [http-nio-8080-exec-411] INFO  jdbc.resultset - 58. ResultSet.wasNull() returned false
2025-08-13 08:57:39.942 [http-nio-8080-exec-411] INFO  jdbc.resultset - 58. ResultSet.getClob(mtrtInt) returned com.mysql.cj.jdbc.Clob@65d3f27
2025-08-13 08:57:39.942 [http-nio-8080-exec-411] INFO  jdbc.resultset - 58. ResultSet.wasNull() returned false
2025-08-13 08:57:39.942 [http-nio-8080-exec-411] INFO  jdbc.resultset - 58. ResultSet.getClob(spclCnd) returned com.mysql.cj.jdbc.Clob@4a2f6919
2025-08-13 08:57:39.942 [http-nio-8080-exec-411] INFO  jdbc.resultset - 58. ResultSet.wasNull() returned false
2025-08-13 08:57:39.942 [http-nio-8080-exec-411] INFO  jdbc.resultset - 58. ResultSet.getString(joinMember) returned 실명의 개인
2025-08-13 08:57:39.942 [http-nio-8080-exec-411] INFO  jdbc.resultset - 58. ResultSet.wasNull() returned false
2025-08-13 08:57:39.942 [http-nio-8080-exec-411] INFO  jdbc.resultset - 58. ResultSet.getClob(etcNote) returned com.mysql.cj.jdbc.Clob@2d989d4c
2025-08-13 08:57:39.942 [http-nio-8080-exec-411] INFO  jdbc.resultset - 58. ResultSet.wasNull() returned false
2025-08-13 08:57:39.942 [http-nio-8080-exec-411] INFO  jdbc.resultset - 58. ResultSet.getClob(summary) returned com.mysql.cj.jdbc.Clob@794da546
2025-08-13 08:57:39.942 [http-nio-8080-exec-411] INFO  jdbc.resultset - 58. ResultSet.wasNull() returned false
2025-08-13 08:57:39.942 [http-nio-8080-exec-411] INFO  jdbc.resultsettable - 
|------------------|----------|----------|-------------|---------|---------|------------|---------|---------|
|fin_prdt_nm       |kor_co_nm |max_limit |join_way     |mtrt_int |spcl_cnd |join_member |etc_note |summary  |
|------------------|----------|----------|-------------|---------|---------|------------|---------|---------|
|iM주거래우대예금(첫만남고객형) |아이엠뱅크     |[null]    |영업점,인터넷,스마트폰 |[unread] |[unread] |실명의 개인      |[unread] |[unread] |
|------------------|----------|----------|-------------|---------|---------|------------|---------|---------|

2025-08-13 08:57:39.942 [http-nio-8080-exec-411] INFO  jdbc.resultset - 58. ResultSet.next() returned false
2025-08-13 08:57:39.942 [http-nio-8080-exec-411] INFO  jdbc.resultset - 58. ResultSet.close() returned void
2025-08-13 08:57:39.942 [http-nio-8080-exec-411] INFO  jdbc.audit - 58. Connection.getMetaData() returned com.mysql.cj.jdbc.DatabaseMetaDataUsingInfoSchema@27d0cd27
2025-08-13 08:57:39.942 [http-nio-8080-exec-411] INFO  jdbc.audit - 58. PreparedStatement.getMoreResults() returned false
2025-08-13 08:57:39.942 [http-nio-8080-exec-411] INFO  jdbc.audit - 58. PreparedStatement.getUpdateCount() returned -1
2025-08-13 08:57:39.942 [http-nio-8080-exec-411] INFO  jdbc.audit - 58. PreparedStatement.isClosed() returned false
2025-08-13 08:57:39.942 [http-nio-8080-exec-411] INFO  jdbc.audit - 58. PreparedStatement.close() returned 
2025-08-13 08:57:39.942 [http-nio-8080-exec-411] INFO  jdbc.audit - 58. Connection.clearWarnings() returned 
2025-08-13 08:57:39.943 [http-nio-8080-exec-411] INFO  jdbc.audit - 58. Connection.getAutoCommit() returned true
2025-08-13 08:57:39.943 [http-nio-8080-exec-411] INFO  jdbc.audit - 58. PreparedStatement.new PreparedStatement returned 
2025-08-13 08:57:39.943 [http-nio-8080-exec-411] INFO  jdbc.audit - 58. Connection.prepareStatement(SELECT
            option_id AS optionId,
            intr_rate_type AS intrRateType,
            intr_rate_type_nm AS intrRateTypeNm,
            rsrv_type AS rsrvType,
            rsrv_type_nm AS rsrvTypeNm,
            save_trm AS saveTrm,
            intr_rate AS intrRate,
            intr_rate2 AS intrRate2
        FROM productoption
        WHERE fin_prdt_cd = ?) returned net.sf.log4jdbc.sql.jdbcapi.PreparedStatementSpy@4e4b566c
2025-08-13 08:57:39.943 [http-nio-8080-exec-411] INFO  jdbc.audit - 58. PreparedStatement.setString(1, "10511008000996000") returned 
2025-08-13 08:57:39.943 [http-nio-8080-exec-411] INFO  jdbc.sqlonly - SELECT option_id AS optionId, intr_rate_type AS intrRateType, intr_rate_type_nm AS intrRateTypeNm, 
rsrv_type AS rsrvType, rsrv_type_nm AS rsrvTypeNm, save_trm AS saveTrm, intr_rate AS intrRate, 
intr_rate2 AS intrRate2 FROM productoption WHERE fin_prdt_cd = '10511008000996000' 

2025-08-13 08:57:39.944 [http-nio-8080-exec-411] INFO  jdbc.sqltiming - SELECT option_id AS optionId, intr_rate_type AS intrRateType, intr_rate_type_nm AS intrRateTypeNm, 
rsrv_type AS rsrvType, rsrv_type_nm AS rsrvTypeNm, save_trm AS saveTrm, intr_rate AS intrRate, 
intr_rate2 AS intrRate2 FROM productoption WHERE fin_prdt_cd = '10511008000996000' 
 {executed in 1 msec}
2025-08-13 08:57:39.944 [http-nio-8080-exec-411] INFO  jdbc.audit - 58. PreparedStatement.execute() returned true
2025-08-13 08:57:39.944 [http-nio-8080-exec-411] INFO  jdbc.resultset - 58. ResultSet.new ResultSet returned 
2025-08-13 08:57:39.944 [http-nio-8080-exec-411] INFO  jdbc.audit - 58. PreparedStatement.getResultSet() returned net.sf.log4jdbc.sql.jdbcapi.ResultSetSpy@5ab8ad76
2025-08-13 08:57:39.944 [http-nio-8080-exec-411] INFO  jdbc.resultset - 58. ResultSet.getMetaData() returned com.mysql.cj.jdbc.result.ResultSetMetaData@7c529b0f - Field level information: 
	com.mysql.cj.result.Field@5dcad857[dbName=kongzea,tableName=productoption,originalTableName=productoption,columnName=optionId,originalColumnName=option_id,mysqlType=3(FIELD_TYPE_INT),sqlType=4,flags= AUTO_INCREMENT PRIMARY_KEY, charsetIndex=63, charsetName=ISO-8859-1]
	com.mysql.cj.result.Field@49261db4[dbName=kongzea,tableName=productoption,originalTableName=productoption,columnName=intrRateType,originalColumnName=intr_rate_type,mysqlType=253(FIELD_TYPE_VARCHAR),sqlType=12,flags=, charsetIndex=255, charsetName=UTF-8]
	com.mysql.cj.result.Field@56eadafb[dbName=kongzea,tableName=productoption,originalTableName=productoption,columnName=intrRateTypeNm,originalColumnName=intr_rate_type_nm,mysqlType=253(FIELD_TYPE_VARCHAR),sqlType=12,flags=, charsetIndex=255, charsetName=UTF-8]
	com.mysql.cj.result.Field@3e88b9ca[dbName=kongzea,tableName=productoption,originalTableName=productoption,columnName=rsrvType,originalColumnName=rsrv_type,mysqlType=253(FIELD_TYPE_VARCHAR),sqlType=12,flags=, charsetIndex=255, charsetName=UTF-8]
	com.mysql.cj.result.Field@358bc62c[dbName=kongzea,tableName=productoption,originalTableName=productoption,columnName=rsrvTypeNm,originalColumnName=rsrv_type_nm,mysqlType=253(FIELD_TYPE_VARCHAR),sqlType=12,flags=, charsetIndex=255, charsetName=UTF-8]
	com.mysql.cj.result.Field@4c39a694[dbName=kongzea,tableName=productoption,originalTableName=productoption,columnName=saveTrm,originalColumnName=save_trm,mysqlType=3(FIELD_TYPE_INT),sqlType=4,flags= MULTI_KEY, charsetIndex=63, charsetName=ISO-8859-1]
	com.mysql.cj.result.Field@4c0480ea[dbName=kongzea,tableName=productoption,originalTableName=productoption,columnName=intrRate,originalColumnName=intr_rate,mysqlType=246(FIELD_TYPE_DECIMAL),sqlType=3,flags= MULTI_KEY, charsetIndex=63, charsetName=ISO-8859-1]
	com.mysql.cj.result.Field@37b93649[dbName=kongzea,tableName=productoption,originalTableName=productoption,columnName=intrRate2,originalColumnName=intr_rate2,mysqlType=246(FIELD_TYPE_DECIMAL),sqlType=3,flags=, charsetIndex=63, charsetName=ISO-8859-1]
2025-08-13 08:57:39.944 [http-nio-8080-exec-411] INFO  jdbc.resultset - 58. ResultSet.getType() returned 1003
2025-08-13 08:57:39.944 [http-nio-8080-exec-411] INFO  jdbc.resultset - 58. ResultSet.next() returned true
2025-08-13 08:57:39.945 [http-nio-8080-exec-411] INFO  jdbc.resultset - 58. ResultSet.getInt(optionId) returned 11
2025-08-13 08:57:39.945 [http-nio-8080-exec-411] INFO  jdbc.resultset - 58. ResultSet.wasNull() returned false
2025-08-13 08:57:39.945 [http-nio-8080-exec-411] INFO  jdbc.resultset - 58. ResultSet.getString(intrRateType) returned S
2025-08-13 08:57:39.945 [http-nio-8080-exec-411] INFO  jdbc.resultset - 58. ResultSet.wasNull() returned false
2025-08-13 08:57:39.945 [http-nio-8080-exec-411] INFO  jdbc.resultset - 58. ResultSet.getString(intrRateTypeNm) returned 단리
2025-08-13 08:57:39.945 [http-nio-8080-exec-411] INFO  jdbc.resultset - 58. ResultSet.wasNull() returned false
2025-08-13 08:57:39.945 [http-nio-8080-exec-411] INFO  jdbc.resultset - 58. ResultSet.getString(rsrvType) returned void
2025-08-13 08:57:39.945 [http-nio-8080-exec-411] INFO  jdbc.resultset - 58. ResultSet.wasNull() returned true
2025-08-13 08:57:39.945 [http-nio-8080-exec-411] INFO  jdbc.resultset - 58. ResultSet.getString(rsrvTypeNm) returned void
2025-08-13 08:57:39.945 [http-nio-8080-exec-411] INFO  jdbc.resultset - 58. ResultSet.wasNull() returned true
2025-08-13 08:57:39.945 [http-nio-8080-exec-411] INFO  jdbc.resultset - 58. ResultSet.getInt(saveTrm) returned 6
2025-08-13 08:57:39.945 [http-nio-8080-exec-411] INFO  jdbc.resultset - 58. ResultSet.wasNull() returned false
2025-08-13 08:57:39.945 [http-nio-8080-exec-411] INFO  jdbc.resultset - 58. ResultSet.getDouble(intrRate) returned 1.45
2025-08-13 08:57:39.945 [http-nio-8080-exec-411] INFO  jdbc.resultset - 58. ResultSet.wasNull() returned false
2025-08-13 08:57:39.945 [http-nio-8080-exec-411] INFO  jdbc.resultset - 58. ResultSet.getDouble(intrRate2) returned 2.1
2025-08-13 08:57:39.945 [http-nio-8080-exec-411] INFO  jdbc.resultset - 58. ResultSet.wasNull() returned false
2025-08-13 08:57:39.945 [http-nio-8080-exec-411] INFO  jdbc.resultset - 58. ResultSet.next() returned true
2025-08-13 08:57:39.945 [http-nio-8080-exec-411] INFO  jdbc.resultset - 58. ResultSet.getInt(optionId) returned 12
2025-08-13 08:57:39.945 [http-nio-8080-exec-411] INFO  jdbc.resultset - 58. ResultSet.wasNull() returned false
2025-08-13 08:57:39.945 [http-nio-8080-exec-411] INFO  jdbc.resultset - 58. ResultSet.getString(intrRateType) returned S
2025-08-13 08:57:39.945 [http-nio-8080-exec-411] INFO  jdbc.resultset - 58. ResultSet.wasNull() returned false
2025-08-13 08:57:39.945 [http-nio-8080-exec-411] INFO  jdbc.resultset - 58. ResultSet.getString(intrRateTypeNm) returned 단리
2025-08-13 08:57:39.945 [http-nio-8080-exec-411] INFO  jdbc.resultset - 58. ResultSet.wasNull() returned false
2025-08-13 08:57:39.945 [http-nio-8080-exec-411] INFO  jdbc.resultset - 58. ResultSet.getString(rsrvType) returned void
2025-08-13 08:57:39.945 [http-nio-8080-exec-411] INFO  jdbc.resultset - 58. ResultSet.wasNull() returned true
2025-08-13 08:57:39.945 [http-nio-8080-exec-411] INFO  jdbc.resultset - 58. ResultSet.getString(rsrvTypeNm) returned void
2025-08-13 08:57:39.945 [http-nio-8080-exec-411] INFO  jdbc.resultset - 58. ResultSet.wasNull() returned true
2025-08-13 08:57:39.945 [http-nio-8080-exec-411] INFO  jdbc.resultset - 58. ResultSet.getInt(saveTrm) returned 12
2025-08-13 08:57:39.945 [http-nio-8080-exec-411] INFO  jdbc.resultset - 58. ResultSet.wasNull() returned false
2025-08-13 08:57:39.945 [http-nio-8080-exec-411] INFO  jdbc.resultset - 58. ResultSet.getDouble(intrRate) returned 1.99
2025-08-13 08:57:39.945 [http-nio-8080-exec-411] INFO  jdbc.resultset - 58. ResultSet.wasNull() returned false
2025-08-13 08:57:39.945 [http-nio-8080-exec-411] INFO  jdbc.resultset - 58. ResultSet.getDouble(intrRate2) returned 2.64
2025-08-13 08:57:39.945 [http-nio-8080-exec-411] INFO  jdbc.resultset - 58. ResultSet.wasNull() returned false
2025-08-13 08:57:39.945 [http-nio-8080-exec-411] INFO  jdbc.resultset - 58. ResultSet.next() returned true
2025-08-13 08:57:39.945 [http-nio-8080-exec-411] INFO  jdbc.resultset - 58. ResultSet.getInt(optionId) returned 13
2025-08-13 08:57:39.945 [http-nio-8080-exec-411] INFO  jdbc.resultset - 58. ResultSet.wasNull() returned false
2025-08-13 08:57:39.945 [http-nio-8080-exec-411] INFO  jdbc.resultset - 58. ResultSet.getString(intrRateType) returned S
2025-08-13 08:57:39.945 [http-nio-8080-exec-411] INFO  jdbc.resultset - 58. ResultSet.wasNull() returned false
2025-08-13 08:57:39.945 [http-nio-8080-exec-411] INFO  jdbc.resultset - 58. ResultSet.getString(intrRateTypeNm) returned 단리
2025-08-13 08:57:39.945 [http-nio-8080-exec-411] INFO  jdbc.resultset - 58. ResultSet.wasNull() returned false
2025-08-13 08:57:39.945 [http-nio-8080-exec-411] INFO  jdbc.resultset - 58. ResultSet.getString(rsrvType) returned void
2025-08-13 08:57:39.945 [http-nio-8080-exec-411] INFO  jdbc.resultset - 58. ResultSet.wasNull() returned true
2025-08-13 08:57:39.945 [http-nio-8080-exec-411] INFO  jdbc.resultset - 58. ResultSet.getString(rsrvTypeNm) returned void
2025-08-13 08:57:39.945 [http-nio-8080-exec-411] INFO  jdbc.resultset - 58. ResultSet.wasNull() returned true
2025-08-13 08:57:39.945 [http-nio-8080-exec-411] INFO  jdbc.resultset - 58. ResultSet.getInt(saveTrm) returned 24
2025-08-13 08:57:39.945 [http-nio-8080-exec-411] INFO  jdbc.resultset - 58. ResultSet.wasNull() returned false
2025-08-13 08:57:39.945 [http-nio-8080-exec-411] INFO  jdbc.resultset - 58. ResultSet.getDouble(intrRate) returned 1.81
2025-08-13 08:57:39.945 [http-nio-8080-exec-411] INFO  jdbc.resultset - 58. ResultSet.wasNull() returned false
2025-08-13 08:57:39.945 [http-nio-8080-exec-411] INFO  jdbc.resultset - 58. ResultSet.getDouble(intrRate2) returned 2.46
2025-08-13 08:57:39.945 [http-nio-8080-exec-411] INFO  jdbc.resultset - 58. ResultSet.wasNull() returned false
2025-08-13 08:57:39.945 [http-nio-8080-exec-411] INFO  jdbc.resultset - 58. ResultSet.next() returned true
2025-08-13 08:57:39.945 [http-nio-8080-exec-411] INFO  jdbc.resultset - 58. ResultSet.getInt(optionId) returned 14
2025-08-13 08:57:39.945 [http-nio-8080-exec-411] INFO  jdbc.resultset - 58. ResultSet.wasNull() returned false
2025-08-13 08:57:39.945 [http-nio-8080-exec-411] INFO  jdbc.resultset - 58. ResultSet.getString(intrRateType) returned S
2025-08-13 08:57:39.945 [http-nio-8080-exec-411] INFO  jdbc.resultset - 58. ResultSet.wasNull() returned false
2025-08-13 08:57:39.945 [http-nio-8080-exec-411] INFO  jdbc.resultset - 58. ResultSet.getString(intrRateTypeNm) returned 단리
2025-08-13 08:57:39.945 [http-nio-8080-exec-411] INFO  jdbc.resultset - 58. ResultSet.wasNull() returned false
2025-08-13 08:57:39.945 [http-nio-8080-exec-411] INFO  jdbc.resultset - 58. ResultSet.getString(rsrvType) returned void
2025-08-13 08:57:39.945 [http-nio-8080-exec-411] INFO  jdbc.resultset - 58. ResultSet.wasNull() returned true
2025-08-13 08:57:39.945 [http-nio-8080-exec-411] INFO  jdbc.resultset - 58. ResultSet.getString(rsrvTypeNm) returned void
2025-08-13 08:57:39.945 [http-nio-8080-exec-411] INFO  jdbc.resultset - 58. ResultSet.wasNull() returned true
2025-08-13 08:57:39.945 [http-nio-8080-exec-411] INFO  jdbc.resultset - 58. ResultSet.getInt(saveTrm) returned 36
2025-08-13 08:57:39.945 [http-nio-8080-exec-411] INFO  jdbc.resultset - 58. ResultSet.wasNull() returned false
2025-08-13 08:57:39.945 [http-nio-8080-exec-411] INFO  jdbc.resultset - 58. ResultSet.getDouble(intrRate) returned 1.83
2025-08-13 08:57:39.945 [http-nio-8080-exec-411] INFO  jdbc.resultset - 58. ResultSet.wasNull() returned false
2025-08-13 08:57:39.945 [http-nio-8080-exec-411] INFO  jdbc.resultset - 58. ResultSet.getDouble(intrRate2) returned 2.48
2025-08-13 08:57:39.945 [http-nio-8080-exec-411] INFO  jdbc.resultset - 58. ResultSet.wasNull() returned false
2025-08-13 08:57:39.946 [http-nio-8080-exec-411] INFO  jdbc.resultsettable - 
|----------|---------------|------------------|----------|-------------|---------|----------|-----------|
|option_id |intr_rate_type |intr_rate_type_nm |rsrv_type |rsrv_type_nm |save_trm |intr_rate |intr_rate2 |
|----------|---------------|------------------|----------|-------------|---------|----------|-----------|
|11        |S              |단리                |[null]    |[null]       |6        |1.45      |2.1        |
|12        |S              |단리                |[null]    |[null]       |12       |1.99      |2.64       |
|13        |S              |단리                |[null]    |[null]       |24       |1.81      |2.46       |
|14        |S              |단리                |[null]    |[null]       |36       |1.83      |2.48       |
|----------|---------------|------------------|----------|-------------|---------|----------|-----------|

2025-08-13 08:57:39.946 [http-nio-8080-exec-411] INFO  jdbc.resultset - 58. ResultSet.next() returned false
2025-08-13 08:57:39.946 [http-nio-8080-exec-411] INFO  jdbc.resultset - 58. ResultSet.close() returned void
2025-08-13 08:57:39.946 [http-nio-8080-exec-411] INFO  jdbc.audit - 58. Connection.getMetaData() returned com.mysql.cj.jdbc.DatabaseMetaDataUsingInfoSchema@5de43c3b
2025-08-13 08:57:39.946 [http-nio-8080-exec-411] INFO  jdbc.audit - 58. PreparedStatement.getMoreResults() returned false
2025-08-13 08:57:39.946 [http-nio-8080-exec-411] INFO  jdbc.audit - 58. PreparedStatement.getUpdateCount() returned -1
2025-08-13 08:57:39.946 [http-nio-8080-exec-411] INFO  jdbc.audit - 58. PreparedStatement.isClosed() returned false
2025-08-13 08:57:39.946 [http-nio-8080-exec-411] INFO  jdbc.audit - 58. PreparedStatement.close() returned 
2025-08-13 08:57:39.946 [http-nio-8080-exec-411] INFO  jdbc.audit - 58. Connection.clearWarnings() returned 
2025-08-13 08:59:29.886 [HikariPool-60 housekeeper] WARN  com.zaxxer.hikari.pool.HikariPool - HikariPool-60 - Thread starvation or clock leap detected (housekeeper delta=1m26s698ms).
2025-08-13 09:06:15.256 [HikariPool-60 housekeeper] WARN  com.zaxxer.hikari.pool.HikariPool - HikariPool-60 - Thread starvation or clock leap detected (housekeeper delta=6m5s179ms).
2025-08-13 09:07:00.456 [HikariPool-60 housekeeper] WARN  com.zaxxer.hikari.pool.HikariPool - HikariPool-60 - Thread starvation or clock leap detected (housekeeper delta=45s201ms).
2025-08-13 09:12:50.597 [HikariPool-60 housekeeper] WARN  com.zaxxer.hikari.pool.HikariPool - HikariPool-60 - Thread starvation or clock leap detected (housekeeper delta=5m50s140ms).
2025-08-13 09:15:32.579 [pool-187-thread-1] ERROR redis.clients.jedis.JedisFactory - Error while validating pooled Jedis object.
redis.clients.jedis.exceptions.JedisConnectionException: java.net.SocketException: Connection reset
	at redis.clients.jedis.util.RedisInputStream.ensureFill(RedisInputStream.java:205) ~[jedis-3.8.0.jar:?]
	at redis.clients.jedis.util.RedisInputStream.readByte(RedisInputStream.java:43) ~[jedis-3.8.0.jar:?]
	at redis.clients.jedis.Protocol.process(Protocol.java:165) ~[jedis-3.8.0.jar:?]
	at redis.clients.jedis.Protocol.read(Protocol.java:230) ~[jedis-3.8.0.jar:?]
	at redis.clients.jedis.Connection.readProtocolWithCheckingBroken(Connection.java:352) ~[jedis-3.8.0.jar:?]
	at redis.clients.jedis.Connection.getStatusCodeReply(Connection.java:270) ~[jedis-3.8.0.jar:?]
	at redis.clients.jedis.BinaryJedis.ping(BinaryJedis.java:384) ~[jedis-3.8.0.jar:?]
	at redis.clients.jedis.JedisFactory.validateObject(JedisFactory.java:214) ~[jedis-3.8.0.jar:?]
	at org.apache.commons.pool2.impl.GenericObjectPool.borrowObject(GenericObjectPool.java:347) ~[commons-pool2-2.12.0.jar:2.12.0]
	at org.apache.commons.pool2.impl.GenericObjectPool.borrowObject(GenericObjectPool.java:233) ~[commons-pool2-2.12.0.jar:2.12.0]
	at redis.clients.jedis.util.Pool.getResource(Pool.java:75) ~[jedis-3.8.0.jar:?]
	at redis.clients.jedis.JedisPool.getResource(JedisPool.java:377) ~[jedis-3.8.0.jar:?]
	at redis.clients.jedis.JedisPool.getResource(JedisPool.java:15) ~[jedis-3.8.0.jar:?]
	at org.springframework.data.redis.connection.jedis.JedisConnectionFactory.fetchJedisConnector(JedisConnectionFactory.java:283) ~[spring-data-redis-2.7.18.jar:2.7.18]
	at org.springframework.data.redis.connection.jedis.JedisConnectionFactory.getConnection(JedisConnectionFactory.java:515) ~[spring-data-redis-2.7.18.jar:2.7.18]
	at org.springframework.data.redis.core.RedisConnectionUtils.fetchConnection(RedisConnectionUtils.java:193) ~[spring-data-redis-2.7.18.jar:2.7.18]
	at org.springframework.data.redis.core.RedisConnectionUtils.doGetConnection(RedisConnectionUtils.java:144) ~[spring-data-redis-2.7.18.jar:2.7.18]
	at org.springframework.data.redis.core.RedisConnectionUtils.getConnection(RedisConnectionUtils.java:105) ~[spring-data-redis-2.7.18.jar:2.7.18]
	at org.springframework.data.redis.core.RedisTemplate.execute(RedisTemplate.java:211) ~[spring-data-redis-2.7.18.jar:2.7.18]
	at org.springframework.data.redis.core.RedisTemplate.execute(RedisTemplate.java:191) ~[spring-data-redis-2.7.18.jar:2.7.18]
	at org.springframework.data.redis.core.AbstractOperations.execute(AbstractOperations.java:97) ~[spring-data-redis-2.7.18.jar:2.7.18]
	at org.springframework.data.redis.core.DefaultListOperations.rightPop(DefaultListOperations.java:233) ~[spring-data-redis-2.7.18.jar:2.7.18]
	at org.ozea.product.scheduler.ProductScheduler.consumeSummaryJobs(ProductScheduler.java:25) ~[classes/:?]
	at java.base/jdk.internal.reflect.DirectMethodHandleAccessor.invoke(DirectMethodHandleAccessor.java:103) ~[?:?]
	at java.base/java.lang.reflect.Method.invoke(Method.java:580) ~[?:?]
	at org.springframework.scheduling.support.ScheduledMethodRunnable.run(ScheduledMethodRunnable.java:84) ~[spring-context-5.3.37.jar:5.3.37]
	at org.springframework.scheduling.support.DelegatingErrorHandlingRunnable.run(DelegatingErrorHandlingRunnable.java:54) ~[spring-context-5.3.37.jar:5.3.37]
	at java.base/java.util.concurrent.Executors$RunnableAdapter.call(Executors.java:572) ~[?:?]
	at java.base/java.util.concurrent.FutureTask.runAndReset(FutureTask.java:358) ~[?:?]
	at java.base/java.util.concurrent.ScheduledThreadPoolExecutor$ScheduledFutureTask.run(ScheduledThreadPoolExecutor.java:305) ~[?:?]
	at java.base/java.util.concurrent.ThreadPoolExecutor.runWorker(ThreadPoolExecutor.java:1144) ~[?:?]
	at java.base/java.util.concurrent.ThreadPoolExecutor$Worker.run(ThreadPoolExecutor.java:642) ~[?:?]
	at java.base/java.lang.Thread.run(Thread.java:1575) [?:?]
Caused by: java.net.SocketException: Connection reset
	at java.base/sun.nio.ch.NioSocketImpl.implRead(NioSocketImpl.java:318) ~[?:?]
	at java.base/sun.nio.ch.NioSocketImpl.read(NioSocketImpl.java:346) ~[?:?]
	at java.base/sun.nio.ch.NioSocketImpl$1.read(NioSocketImpl.java:796) ~[?:?]
	at java.base/java.net.Socket$SocketInputStream.implRead(Socket.java:1116) ~[?:?]
	at java.base/java.net.Socket$SocketInputStream.read(Socket.java:1103) ~[?:?]
	at java.base/java.io.InputStream.read(InputStream.java:220) ~[?:?]
	at redis.clients.jedis.util.RedisInputStream.ensureFill(RedisInputStream.java:199) ~[jedis-3.8.0.jar:?]
	... 32 more
2025-08-13 09:15:32.755 [pool-187-thread-1] ERROR redis.clients.jedis.JedisFactory - Error while validating pooled Jedis object.
redis.clients.jedis.exceptions.JedisConnectionException: Unexpected end of stream.
	at redis.clients.jedis.util.RedisInputStream.ensureFill(RedisInputStream.java:202) ~[jedis-3.8.0.jar:?]
	at redis.clients.jedis.util.RedisInputStream.readByte(RedisInputStream.java:43) ~[jedis-3.8.0.jar:?]
	at redis.clients.jedis.Protocol.process(Protocol.java:165) ~[jedis-3.8.0.jar:?]
	at redis.clients.jedis.Protocol.read(Protocol.java:230) ~[jedis-3.8.0.jar:?]
	at redis.clients.jedis.Connection.readProtocolWithCheckingBroken(Connection.java:352) ~[jedis-3.8.0.jar:?]
	at redis.clients.jedis.Connection.getStatusCodeReply(Connection.java:270) ~[jedis-3.8.0.jar:?]
	at redis.clients.jedis.BinaryJedis.ping(BinaryJedis.java:384) ~[jedis-3.8.0.jar:?]
	at redis.clients.jedis.JedisFactory.validateObject(JedisFactory.java:214) ~[jedis-3.8.0.jar:?]
	at org.apache.commons.pool2.impl.GenericObjectPool.borrowObject(GenericObjectPool.java:347) ~[commons-pool2-2.12.0.jar:2.12.0]
	at org.apache.commons.pool2.impl.GenericObjectPool.borrowObject(GenericObjectPool.java:233) ~[commons-pool2-2.12.0.jar:2.12.0]
	at redis.clients.jedis.util.Pool.getResource(Pool.java:75) ~[jedis-3.8.0.jar:?]
	at redis.clients.jedis.JedisPool.getResource(JedisPool.java:377) ~[jedis-3.8.0.jar:?]
	at redis.clients.jedis.JedisPool.getResource(JedisPool.java:15) ~[jedis-3.8.0.jar:?]
	at org.springframework.data.redis.connection.jedis.JedisConnectionFactory.fetchJedisConnector(JedisConnectionFactory.java:283) ~[spring-data-redis-2.7.18.jar:2.7.18]
	at org.springframework.data.redis.connection.jedis.JedisConnectionFactory.getConnection(JedisConnectionFactory.java:515) ~[spring-data-redis-2.7.18.jar:2.7.18]
	at org.springframework.data.redis.core.RedisConnectionUtils.fetchConnection(RedisConnectionUtils.java:193) ~[spring-data-redis-2.7.18.jar:2.7.18]
	at org.springframework.data.redis.core.RedisConnectionUtils.doGetConnection(RedisConnectionUtils.java:144) ~[spring-data-redis-2.7.18.jar:2.7.18]
	at org.springframework.data.redis.core.RedisConnectionUtils.getConnection(RedisConnectionUtils.java:105) ~[spring-data-redis-2.7.18.jar:2.7.18]
	at org.springframework.data.redis.core.RedisTemplate.execute(RedisTemplate.java:211) ~[spring-data-redis-2.7.18.jar:2.7.18]
	at org.springframework.data.redis.core.RedisTemplate.execute(RedisTemplate.java:191) ~[spring-data-redis-2.7.18.jar:2.7.18]
	at org.springframework.data.redis.core.AbstractOperations.execute(AbstractOperations.java:97) ~[spring-data-redis-2.7.18.jar:2.7.18]
	at org.springframework.data.redis.core.DefaultListOperations.rightPop(DefaultListOperations.java:233) ~[spring-data-redis-2.7.18.jar:2.7.18]
	at org.ozea.product.scheduler.ProductScheduler.consumeSummaryJobs(ProductScheduler.java:25) ~[classes/:?]
	at java.base/jdk.internal.reflect.DirectMethodHandleAccessor.invoke(DirectMethodHandleAccessor.java:103) ~[?:?]
	at java.base/java.lang.reflect.Method.invoke(Method.java:580) ~[?:?]
	at org.springframework.scheduling.support.ScheduledMethodRunnable.run(ScheduledMethodRunnable.java:84) ~[spring-context-5.3.37.jar:5.3.37]
	at org.springframework.scheduling.support.DelegatingErrorHandlingRunnable.run(DelegatingErrorHandlingRunnable.java:54) ~[spring-context-5.3.37.jar:5.3.37]
	at java.base/java.util.concurrent.Executors$RunnableAdapter.call(Executors.java:572) ~[?:?]
	at java.base/java.util.concurrent.FutureTask.runAndReset(FutureTask.java:358) ~[?:?]
	at java.base/java.util.concurrent.ScheduledThreadPoolExecutor$ScheduledFutureTask.run(ScheduledThreadPoolExecutor.java:305) ~[?:?]
	at java.base/java.util.concurrent.ThreadPoolExecutor.runWorker(ThreadPoolExecutor.java:1144) ~[?:?]
	at java.base/java.util.concurrent.ThreadPoolExecutor$Worker.run(ThreadPoolExecutor.java:642) ~[?:?]
	at java.base/java.lang.Thread.run(Thread.java:1575) [?:?]
2025-08-13 09:15:32.756 [pool-187-thread-1] ERROR redis.clients.jedis.JedisFactory - Error while validating pooled Jedis object.
redis.clients.jedis.exceptions.JedisConnectionException: java.net.SocketException: Connection reset
	at redis.clients.jedis.util.RedisInputStream.ensureFill(RedisInputStream.java:205) ~[jedis-3.8.0.jar:?]
	at redis.clients.jedis.util.RedisInputStream.readByte(RedisInputStream.java:43) ~[jedis-3.8.0.jar:?]
	at redis.clients.jedis.Protocol.process(Protocol.java:165) ~[jedis-3.8.0.jar:?]
	at redis.clients.jedis.Protocol.read(Protocol.java:230) ~[jedis-3.8.0.jar:?]
	at redis.clients.jedis.Connection.readProtocolWithCheckingBroken(Connection.java:352) ~[jedis-3.8.0.jar:?]
	at redis.clients.jedis.Connection.getStatusCodeReply(Connection.java:270) ~[jedis-3.8.0.jar:?]
	at redis.clients.jedis.BinaryJedis.ping(BinaryJedis.java:384) ~[jedis-3.8.0.jar:?]
	at redis.clients.jedis.JedisFactory.validateObject(JedisFactory.java:214) ~[jedis-3.8.0.jar:?]
	at org.apache.commons.pool2.impl.GenericObjectPool.borrowObject(GenericObjectPool.java:347) ~[commons-pool2-2.12.0.jar:2.12.0]
	at org.apache.commons.pool2.impl.GenericObjectPool.borrowObject(GenericObjectPool.java:233) ~[commons-pool2-2.12.0.jar:2.12.0]
	at redis.clients.jedis.util.Pool.getResource(Pool.java:75) ~[jedis-3.8.0.jar:?]
	at redis.clients.jedis.JedisPool.getResource(JedisPool.java:377) ~[jedis-3.8.0.jar:?]
	at redis.clients.jedis.JedisPool.getResource(JedisPool.java:15) ~[jedis-3.8.0.jar:?]
	at org.springframework.data.redis.connection.jedis.JedisConnectionFactory.fetchJedisConnector(JedisConnectionFactory.java:283) ~[spring-data-redis-2.7.18.jar:2.7.18]
	at org.springframework.data.redis.connection.jedis.JedisConnectionFactory.getConnection(JedisConnectionFactory.java:515) ~[spring-data-redis-2.7.18.jar:2.7.18]
	at org.springframework.data.redis.core.RedisConnectionUtils.fetchConnection(RedisConnectionUtils.java:193) ~[spring-data-redis-2.7.18.jar:2.7.18]
	at org.springframework.data.redis.core.RedisConnectionUtils.doGetConnection(RedisConnectionUtils.java:144) ~[spring-data-redis-2.7.18.jar:2.7.18]
	at org.springframework.data.redis.core.RedisConnectionUtils.getConnection(RedisConnectionUtils.java:105) ~[spring-data-redis-2.7.18.jar:2.7.18]
	at org.springframework.data.redis.core.RedisTemplate.execute(RedisTemplate.java:211) ~[spring-data-redis-2.7.18.jar:2.7.18]
	at org.springframework.data.redis.core.RedisTemplate.execute(RedisTemplate.java:191) ~[spring-data-redis-2.7.18.jar:2.7.18]
	at org.springframework.data.redis.core.AbstractOperations.execute(AbstractOperations.java:97) ~[spring-data-redis-2.7.18.jar:2.7.18]
	at org.springframework.data.redis.core.DefaultListOperations.rightPop(DefaultListOperations.java:233) ~[spring-data-redis-2.7.18.jar:2.7.18]
	at org.ozea.product.scheduler.ProductScheduler.consumeSummaryJobs(ProductScheduler.java:25) ~[classes/:?]
	at java.base/jdk.internal.reflect.DirectMethodHandleAccessor.invoke(DirectMethodHandleAccessor.java:103) ~[?:?]
	at java.base/java.lang.reflect.Method.invoke(Method.java:580) ~[?:?]
	at org.springframework.scheduling.support.ScheduledMethodRunnable.run(ScheduledMethodRunnable.java:84) ~[spring-context-5.3.37.jar:5.3.37]
	at org.springframework.scheduling.support.DelegatingErrorHandlingRunnable.run(DelegatingErrorHandlingRunnable.java:54) ~[spring-context-5.3.37.jar:5.3.37]
	at java.base/java.util.concurrent.Executors$RunnableAdapter.call(Executors.java:572) ~[?:?]
	at java.base/java.util.concurrent.FutureTask.runAndReset(FutureTask.java:358) ~[?:?]
	at java.base/java.util.concurrent.ScheduledThreadPoolExecutor$ScheduledFutureTask.run(ScheduledThreadPoolExecutor.java:305) ~[?:?]
	at java.base/java.util.concurrent.ThreadPoolExecutor.runWorker(ThreadPoolExecutor.java:1144) ~[?:?]
	at java.base/java.util.concurrent.ThreadPoolExecutor$Worker.run(ThreadPoolExecutor.java:642) ~[?:?]
	at java.base/java.lang.Thread.run(Thread.java:1575) [?:?]
Caused by: java.net.SocketException: Connection reset
	at java.base/sun.nio.ch.NioSocketImpl.implRead(NioSocketImpl.java:318) ~[?:?]
	at java.base/sun.nio.ch.NioSocketImpl.read(NioSocketImpl.java:346) ~[?:?]
	at java.base/sun.nio.ch.NioSocketImpl$1.read(NioSocketImpl.java:796) ~[?:?]
	at java.base/java.net.Socket$SocketInputStream.implRead(Socket.java:1116) ~[?:?]
	at java.base/java.net.Socket$SocketInputStream.read(Socket.java:1103) ~[?:?]
	at java.base/java.io.InputStream.read(InputStream.java:220) ~[?:?]
	at redis.clients.jedis.util.RedisInputStream.ensureFill(RedisInputStream.java:199) ~[jedis-3.8.0.jar:?]
	... 32 more
2025-08-13 09:15:32.756 [pool-187-thread-1] ERROR redis.clients.jedis.JedisFactory - Error while validating pooled Jedis object.
redis.clients.jedis.exceptions.JedisConnectionException: Unexpected end of stream.
	at redis.clients.jedis.util.RedisInputStream.ensureFill(RedisInputStream.java:202) ~[jedis-3.8.0.jar:?]
	at redis.clients.jedis.util.RedisInputStream.readByte(RedisInputStream.java:43) ~[jedis-3.8.0.jar:?]
	at redis.clients.jedis.Protocol.process(Protocol.java:165) ~[jedis-3.8.0.jar:?]
	at redis.clients.jedis.Protocol.read(Protocol.java:230) ~[jedis-3.8.0.jar:?]
	at redis.clients.jedis.Connection.readProtocolWithCheckingBroken(Connection.java:352) ~[jedis-3.8.0.jar:?]
	at redis.clients.jedis.Connection.getStatusCodeReply(Connection.java:270) ~[jedis-3.8.0.jar:?]
	at redis.clients.jedis.BinaryJedis.ping(BinaryJedis.java:384) ~[jedis-3.8.0.jar:?]
	at redis.clients.jedis.JedisFactory.validateObject(JedisFactory.java:214) ~[jedis-3.8.0.jar:?]
	at org.apache.commons.pool2.impl.GenericObjectPool.borrowObject(GenericObjectPool.java:347) ~[commons-pool2-2.12.0.jar:2.12.0]
	at org.apache.commons.pool2.impl.GenericObjectPool.borrowObject(GenericObjectPool.java:233) ~[commons-pool2-2.12.0.jar:2.12.0]
	at redis.clients.jedis.util.Pool.getResource(Pool.java:75) ~[jedis-3.8.0.jar:?]
	at redis.clients.jedis.JedisPool.getResource(JedisPool.java:377) ~[jedis-3.8.0.jar:?]
	at redis.clients.jedis.JedisPool.getResource(JedisPool.java:15) ~[jedis-3.8.0.jar:?]
	at org.springframework.data.redis.connection.jedis.JedisConnectionFactory.fetchJedisConnector(JedisConnectionFactory.java:283) ~[spring-data-redis-2.7.18.jar:2.7.18]
	at org.springframework.data.redis.connection.jedis.JedisConnectionFactory.getConnection(JedisConnectionFactory.java:515) ~[spring-data-redis-2.7.18.jar:2.7.18]
	at org.springframework.data.redis.core.RedisConnectionUtils.fetchConnection(RedisConnectionUtils.java:193) ~[spring-data-redis-2.7.18.jar:2.7.18]
	at org.springframework.data.redis.core.RedisConnectionUtils.doGetConnection(RedisConnectionUtils.java:144) ~[spring-data-redis-2.7.18.jar:2.7.18]
	at org.springframework.data.redis.core.RedisConnectionUtils.getConnection(RedisConnectionUtils.java:105) ~[spring-data-redis-2.7.18.jar:2.7.18]
	at org.springframework.data.redis.core.RedisTemplate.execute(RedisTemplate.java:211) ~[spring-data-redis-2.7.18.jar:2.7.18]
	at org.springframework.data.redis.core.RedisTemplate.execute(RedisTemplate.java:191) ~[spring-data-redis-2.7.18.jar:2.7.18]
	at org.springframework.data.redis.core.AbstractOperations.execute(AbstractOperations.java:97) ~[spring-data-redis-2.7.18.jar:2.7.18]
	at org.springframework.data.redis.core.DefaultListOperations.rightPop(DefaultListOperations.java:233) ~[spring-data-redis-2.7.18.jar:2.7.18]
	at org.ozea.product.scheduler.ProductScheduler.consumeSummaryJobs(ProductScheduler.java:25) ~[classes/:?]
	at java.base/jdk.internal.reflect.DirectMethodHandleAccessor.invoke(DirectMethodHandleAccessor.java:103) ~[?:?]
	at java.base/java.lang.reflect.Method.invoke(Method.java:580) ~[?:?]
	at org.springframework.scheduling.support.ScheduledMethodRunnable.run(ScheduledMethodRunnable.java:84) ~[spring-context-5.3.37.jar:5.3.37]
	at org.springframework.scheduling.support.DelegatingErrorHandlingRunnable.run(DelegatingErrorHandlingRunnable.java:54) ~[spring-context-5.3.37.jar:5.3.37]
	at java.base/java.util.concurrent.Executors$RunnableAdapter.call(Executors.java:572) ~[?:?]
	at java.base/java.util.concurrent.FutureTask.runAndReset(FutureTask.java:358) ~[?:?]
	at java.base/java.util.concurrent.ScheduledThreadPoolExecutor$ScheduledFutureTask.run(ScheduledThreadPoolExecutor.java:305) ~[?:?]
	at java.base/java.util.concurrent.ThreadPoolExecutor.runWorker(ThreadPoolExecutor.java:1144) ~[?:?]
	at java.base/java.util.concurrent.ThreadPoolExecutor$Worker.run(ThreadPoolExecutor.java:642) ~[?:?]
	at java.base/java.lang.Thread.run(Thread.java:1575) [?:?]
2025-08-13 09:15:32.770 [pool-187-thread-1] ERROR org.springframework.scheduling.support.TaskUtils$LoggingErrorHandler - Unexpected error occurred in scheduled task
org.springframework.data.redis.RedisConnectionFailureException: Cannot get Jedis connection; nested exception is redis.clients.jedis.exceptions.JedisConnectionException: Could not get a resource from the pool
	at org.springframework.data.redis.connection.jedis.JedisConnectionFactory.fetchJedisConnector(JedisConnectionFactory.java:292) ~[spring-data-redis-2.7.18.jar:2.7.18]
	at org.springframework.data.redis.connection.jedis.JedisConnectionFactory.getConnection(JedisConnectionFactory.java:515) ~[spring-data-redis-2.7.18.jar:2.7.18]
	at org.springframework.data.redis.core.RedisConnectionUtils.fetchConnection(RedisConnectionUtils.java:193) ~[spring-data-redis-2.7.18.jar:2.7.18]
	at org.springframework.data.redis.core.RedisConnectionUtils.doGetConnection(RedisConnectionUtils.java:144) ~[spring-data-redis-2.7.18.jar:2.7.18]
	at org.springframework.data.redis.core.RedisConnectionUtils.getConnection(RedisConnectionUtils.java:105) ~[spring-data-redis-2.7.18.jar:2.7.18]
	at org.springframework.data.redis.core.RedisTemplate.execute(RedisTemplate.java:211) ~[spring-data-redis-2.7.18.jar:2.7.18]
	at org.springframework.data.redis.core.RedisTemplate.execute(RedisTemplate.java:191) ~[spring-data-redis-2.7.18.jar:2.7.18]
	at org.springframework.data.redis.core.AbstractOperations.execute(AbstractOperations.java:97) ~[spring-data-redis-2.7.18.jar:2.7.18]
	at org.springframework.data.redis.core.DefaultListOperations.rightPop(DefaultListOperations.java:233) ~[spring-data-redis-2.7.18.jar:2.7.18]
	at org.ozea.product.scheduler.ProductScheduler.consumeSummaryJobs(ProductScheduler.java:25) ~[classes/:?]
	at java.base/jdk.internal.reflect.DirectMethodHandleAccessor.invoke(DirectMethodHandleAccessor.java:103) ~[?:?]
	at java.base/java.lang.reflect.Method.invoke(Method.java:580) ~[?:?]
	at org.springframework.scheduling.support.ScheduledMethodRunnable.run(ScheduledMethodRunnable.java:84) ~[spring-context-5.3.37.jar:5.3.37]
	at org.springframework.scheduling.support.DelegatingErrorHandlingRunnable.run(DelegatingErrorHandlingRunnable.java:54) ~[spring-context-5.3.37.jar:5.3.37]
	at java.base/java.util.concurrent.Executors$RunnableAdapter.call(Executors.java:572) ~[?:?]
	at java.base/java.util.concurrent.FutureTask.runAndReset(FutureTask.java:358) ~[?:?]
	at java.base/java.util.concurrent.ScheduledThreadPoolExecutor$ScheduledFutureTask.run(ScheduledThreadPoolExecutor.java:305) ~[?:?]
	at java.base/java.util.concurrent.ThreadPoolExecutor.runWorker(ThreadPoolExecutor.java:1144) ~[?:?]
	at java.base/java.util.concurrent.ThreadPoolExecutor$Worker.run(ThreadPoolExecutor.java:642) ~[?:?]
	at java.base/java.lang.Thread.run(Thread.java:1575) [?:?]
Caused by: redis.clients.jedis.exceptions.JedisConnectionException: Could not get a resource from the pool
	at redis.clients.jedis.util.Pool.getResource(Pool.java:84) ~[jedis-3.8.0.jar:?]
	at redis.clients.jedis.JedisPool.getResource(JedisPool.java:377) ~[jedis-3.8.0.jar:?]
	at redis.clients.jedis.JedisPool.getResource(JedisPool.java:15) ~[jedis-3.8.0.jar:?]
	at org.springframework.data.redis.connection.jedis.JedisConnectionFactory.fetchJedisConnector(JedisConnectionFactory.java:283) ~[spring-data-redis-2.7.18.jar:2.7.18]
	... 19 more
Caused by: redis.clients.jedis.exceptions.JedisConnectionException: Failed to create socket.
	at redis.clients.jedis.DefaultJedisSocketFactory.createSocket(DefaultJedisSocketFactory.java:110) ~[jedis-3.8.0.jar:?]
	at redis.clients.jedis.Connection.connect(Connection.java:226) ~[jedis-3.8.0.jar:?]
	at redis.clients.jedis.BinaryClient.connect(BinaryClient.java:144) ~[jedis-3.8.0.jar:?]
	at redis.clients.jedis.BinaryJedis.connect(BinaryJedis.java:314) ~[jedis-3.8.0.jar:?]
	at redis.clients.jedis.BinaryJedis.initializeFromClientConfig(BinaryJedis.java:92) ~[jedis-3.8.0.jar:?]
	at redis.clients.jedis.BinaryJedis.<init>(BinaryJedis.java:297) ~[jedis-3.8.0.jar:?]
	at redis.clients.jedis.Jedis.<init>(Jedis.java:169) ~[jedis-3.8.0.jar:?]
	at redis.clients.jedis.JedisFactory.makeObject(JedisFactory.java:177) ~[jedis-3.8.0.jar:?]
	at org.apache.commons.pool2.impl.GenericObjectPool.create(GenericObjectPool.java:566) ~[commons-pool2-2.12.0.jar:2.12.0]
	at org.apache.commons.pool2.impl.GenericObjectPool.borrowObject(GenericObjectPool.java:306) ~[commons-pool2-2.12.0.jar:2.12.0]
	at org.apache.commons.pool2.impl.GenericObjectPool.borrowObject(GenericObjectPool.java:233) ~[commons-pool2-2.12.0.jar:2.12.0]
	at redis.clients.jedis.util.Pool.getResource(Pool.java:75) ~[jedis-3.8.0.jar:?]
	at redis.clients.jedis.JedisPool.getResource(JedisPool.java:377) ~[jedis-3.8.0.jar:?]
	at redis.clients.jedis.JedisPool.getResource(JedisPool.java:15) ~[jedis-3.8.0.jar:?]
	at org.springframework.data.redis.connection.jedis.JedisConnectionFactory.fetchJedisConnector(JedisConnectionFactory.java:283) ~[spring-data-redis-2.7.18.jar:2.7.18]
	... 19 more
Caused by: java.net.ConnectException: Connection refused
	at java.base/sun.nio.ch.Net.pollConnect(Native Method) ~[?:?]
	at java.base/sun.nio.ch.Net.pollConnectNow(Net.java:682) ~[?:?]
	at java.base/sun.nio.ch.NioSocketImpl.timedFinishConnect(NioSocketImpl.java:542) ~[?:?]
	at java.base/sun.nio.ch.NioSocketImpl.connect(NioSocketImpl.java:592) ~[?:?]
	at java.base/java.net.SocksSocketImpl.connect(SocksSocketImpl.java:327) ~[?:?]
	at java.base/java.net.Socket.connect(Socket.java:760) ~[?:?]
	at redis.clients.jedis.DefaultJedisSocketFactory.createSocket(DefaultJedisSocketFactory.java:80) ~[jedis-3.8.0.jar:?]
	at redis.clients.jedis.Connection.connect(Connection.java:226) ~[jedis-3.8.0.jar:?]
	at redis.clients.jedis.BinaryClient.connect(BinaryClient.java:144) ~[jedis-3.8.0.jar:?]
	at redis.clients.jedis.BinaryJedis.connect(BinaryJedis.java:314) ~[jedis-3.8.0.jar:?]
	at redis.clients.jedis.BinaryJedis.initializeFromClientConfig(BinaryJedis.java:92) ~[jedis-3.8.0.jar:?]
	at redis.clients.jedis.BinaryJedis.<init>(BinaryJedis.java:297) ~[jedis-3.8.0.jar:?]
	at redis.clients.jedis.Jedis.<init>(Jedis.java:169) ~[jedis-3.8.0.jar:?]
	at redis.clients.jedis.JedisFactory.makeObject(JedisFactory.java:177) ~[jedis-3.8.0.jar:?]
	at org.apache.commons.pool2.impl.GenericObjectPool.create(GenericObjectPool.java:566) ~[commons-pool2-2.12.0.jar:2.12.0]
	at org.apache.commons.pool2.impl.GenericObjectPool.borrowObject(GenericObjectPool.java:306) ~[commons-pool2-2.12.0.jar:2.12.0]
	at org.apache.commons.pool2.impl.GenericObjectPool.borrowObject(GenericObjectPool.java:233) ~[commons-pool2-2.12.0.jar:2.12.0]
	at redis.clients.jedis.util.Pool.getResource(Pool.java:75) ~[jedis-3.8.0.jar:?]
	at redis.clients.jedis.JedisPool.getResource(JedisPool.java:377) ~[jedis-3.8.0.jar:?]
	at redis.clients.jedis.JedisPool.getResource(JedisPool.java:15) ~[jedis-3.8.0.jar:?]
	at org.springframework.data.redis.connection.jedis.JedisConnectionFactory.fetchJedisConnector(JedisConnectionFactory.java:283) ~[spring-data-redis-2.7.18.jar:2.7.18]
	... 19 more
2025-08-13 09:15:33.782 [pool-187-thread-1] ERROR org.springframework.scheduling.support.TaskUtils$LoggingErrorHandler - Unexpected error occurred in scheduled task
org.springframework.data.redis.RedisConnectionFailureException: Cannot get Jedis connection; nested exception is redis.clients.jedis.exceptions.JedisConnectionException: Could not get a resource from the pool
	at org.springframework.data.redis.connection.jedis.JedisConnectionFactory.fetchJedisConnector(JedisConnectionFactory.java:292) ~[spring-data-redis-2.7.18.jar:2.7.18]
	at org.springframework.data.redis.connection.jedis.JedisConnectionFactory.getConnection(JedisConnectionFactory.java:515) ~[spring-data-redis-2.7.18.jar:2.7.18]
	at org.springframework.data.redis.core.RedisConnectionUtils.fetchConnection(RedisConnectionUtils.java:193) ~[spring-data-redis-2.7.18.jar:2.7.18]
	at org.springframework.data.redis.core.RedisConnectionUtils.doGetConnection(RedisConnectionUtils.java:144) ~[spring-data-redis-2.7.18.jar:2.7.18]
	at org.springframework.data.redis.core.RedisConnectionUtils.getConnection(RedisConnectionUtils.java:105) ~[spring-data-redis-2.7.18.jar:2.7.18]
	at org.springframework.data.redis.core.RedisTemplate.execute(RedisTemplate.java:211) ~[spring-data-redis-2.7.18.jar:2.7.18]
	at org.springframework.data.redis.core.RedisTemplate.execute(RedisTemplate.java:191) ~[spring-data-redis-2.7.18.jar:2.7.18]
	at org.springframework.data.redis.core.AbstractOperations.execute(AbstractOperations.java:97) ~[spring-data-redis-2.7.18.jar:2.7.18]
	at org.springframework.data.redis.core.DefaultListOperations.rightPop(DefaultListOperations.java:233) ~[spring-data-redis-2.7.18.jar:2.7.18]
	at org.ozea.product.scheduler.ProductScheduler.consumeSummaryJobs(ProductScheduler.java:25) ~[classes/:?]
	at java.base/jdk.internal.reflect.DirectMethodHandleAccessor.invoke(DirectMethodHandleAccessor.java:103) ~[?:?]
	at java.base/java.lang.reflect.Method.invoke(Method.java:580) ~[?:?]
	at org.springframework.scheduling.support.ScheduledMethodRunnable.run(ScheduledMethodRunnable.java:84) ~[spring-context-5.3.37.jar:5.3.37]
	at org.springframework.scheduling.support.DelegatingErrorHandlingRunnable.run(DelegatingErrorHandlingRunnable.java:54) ~[spring-context-5.3.37.jar:5.3.37]
	at java.base/java.util.concurrent.Executors$RunnableAdapter.call(Executors.java:572) ~[?:?]
	at java.base/java.util.concurrent.FutureTask.runAndReset(FutureTask.java:358) ~[?:?]
	at java.base/java.util.concurrent.ScheduledThreadPoolExecutor$ScheduledFutureTask.run(ScheduledThreadPoolExecutor.java:305) ~[?:?]
	at java.base/java.util.concurrent.ThreadPoolExecutor.runWorker(ThreadPoolExecutor.java:1144) ~[?:?]
	at java.base/java.util.concurrent.ThreadPoolExecutor$Worker.run(ThreadPoolExecutor.java:642) ~[?:?]
	at java.base/java.lang.Thread.run(Thread.java:1575) [?:?]
Caused by: redis.clients.jedis.exceptions.JedisConnectionException: Could not get a resource from the pool
	at redis.clients.jedis.util.Pool.getResource(Pool.java:84) ~[jedis-3.8.0.jar:?]
	at redis.clients.jedis.JedisPool.getResource(JedisPool.java:377) ~[jedis-3.8.0.jar:?]
	at redis.clients.jedis.JedisPool.getResource(JedisPool.java:15) ~[jedis-3.8.0.jar:?]
	at org.springframework.data.redis.connection.jedis.JedisConnectionFactory.fetchJedisConnector(JedisConnectionFactory.java:283) ~[spring-data-redis-2.7.18.jar:2.7.18]
	... 19 more
Caused by: redis.clients.jedis.exceptions.JedisConnectionException: Failed to create socket.
	at redis.clients.jedis.DefaultJedisSocketFactory.createSocket(DefaultJedisSocketFactory.java:110) ~[jedis-3.8.0.jar:?]
	at redis.clients.jedis.Connection.connect(Connection.java:226) ~[jedis-3.8.0.jar:?]
	at redis.clients.jedis.BinaryClient.connect(BinaryClient.java:144) ~[jedis-3.8.0.jar:?]
	at redis.clients.jedis.BinaryJedis.connect(BinaryJedis.java:314) ~[jedis-3.8.0.jar:?]
	at redis.clients.jedis.BinaryJedis.initializeFromClientConfig(BinaryJedis.java:92) ~[jedis-3.8.0.jar:?]
	at redis.clients.jedis.BinaryJedis.<init>(BinaryJedis.java:297) ~[jedis-3.8.0.jar:?]
	at redis.clients.jedis.Jedis.<init>(Jedis.java:169) ~[jedis-3.8.0.jar:?]
	at redis.clients.jedis.JedisFactory.makeObject(JedisFactory.java:177) ~[jedis-3.8.0.jar:?]
	at org.apache.commons.pool2.impl.GenericObjectPool.create(GenericObjectPool.java:566) ~[commons-pool2-2.12.0.jar:2.12.0]
	at org.apache.commons.pool2.impl.GenericObjectPool.borrowObject(GenericObjectPool.java:306) ~[commons-pool2-2.12.0.jar:2.12.0]
	at org.apache.commons.pool2.impl.GenericObjectPool.borrowObject(GenericObjectPool.java:233) ~[commons-pool2-2.12.0.jar:2.12.0]
	at redis.clients.jedis.util.Pool.getResource(Pool.java:75) ~[jedis-3.8.0.jar:?]
	at redis.clients.jedis.JedisPool.getResource(JedisPool.java:377) ~[jedis-3.8.0.jar:?]
	at redis.clients.jedis.JedisPool.getResource(JedisPool.java:15) ~[jedis-3.8.0.jar:?]
	at org.springframework.data.redis.connection.jedis.JedisConnectionFactory.fetchJedisConnector(JedisConnectionFactory.java:283) ~[spring-data-redis-2.7.18.jar:2.7.18]
	... 19 more
Caused by: java.net.ConnectException: Connection refused
	at java.base/sun.nio.ch.Net.pollConnect(Native Method) ~[?:?]
	at java.base/sun.nio.ch.Net.pollConnectNow(Net.java:682) ~[?:?]
	at java.base/sun.nio.ch.NioSocketImpl.timedFinishConnect(NioSocketImpl.java:549) ~[?:?]
	at java.base/sun.nio.ch.NioSocketImpl.connect(NioSocketImpl.java:592) ~[?:?]
	at java.base/java.net.SocksSocketImpl.connect(SocksSocketImpl.java:327) ~[?:?]
	at java.base/java.net.Socket.connect(Socket.java:760) ~[?:?]
	at redis.clients.jedis.DefaultJedisSocketFactory.createSocket(DefaultJedisSocketFactory.java:80) ~[jedis-3.8.0.jar:?]
	at redis.clients.jedis.Connection.connect(Connection.java:226) ~[jedis-3.8.0.jar:?]
	at redis.clients.jedis.BinaryClient.connect(BinaryClient.java:144) ~[jedis-3.8.0.jar:?]
	at redis.clients.jedis.BinaryJedis.connect(BinaryJedis.java:314) ~[jedis-3.8.0.jar:?]
	at redis.clients.jedis.BinaryJedis.initializeFromClientConfig(BinaryJedis.java:92) ~[jedis-3.8.0.jar:?]
	at redis.clients.jedis.BinaryJedis.<init>(BinaryJedis.java:297) ~[jedis-3.8.0.jar:?]
	at redis.clients.jedis.Jedis.<init>(Jedis.java:169) ~[jedis-3.8.0.jar:?]
	at redis.clients.jedis.JedisFactory.makeObject(JedisFactory.java:177) ~[jedis-3.8.0.jar:?]
	at org.apache.commons.pool2.impl.GenericObjectPool.create(GenericObjectPool.java:566) ~[commons-pool2-2.12.0.jar:2.12.0]
	at org.apache.commons.pool2.impl.GenericObjectPool.borrowObject(GenericObjectPool.java:306) ~[commons-pool2-2.12.0.jar:2.12.0]
	at org.apache.commons.pool2.impl.GenericObjectPool.borrowObject(GenericObjectPool.java:233) ~[commons-pool2-2.12.0.jar:2.12.0]
	at redis.clients.jedis.util.Pool.getResource(Pool.java:75) ~[jedis-3.8.0.jar:?]
	at redis.clients.jedis.JedisPool.getResource(JedisPool.java:377) ~[jedis-3.8.0.jar:?]
	at redis.clients.jedis.JedisPool.getResource(JedisPool.java:15) ~[jedis-3.8.0.jar:?]
	at org.springframework.data.redis.connection.jedis.JedisConnectionFactory.fetchJedisConnector(JedisConnectionFactory.java:283) ~[spring-data-redis-2.7.18.jar:2.7.18]
	... 19 more
2025-08-13 09:15:34.800 [pool-187-thread-1] ERROR org.springframework.scheduling.support.TaskUtils$LoggingErrorHandler - Unexpected error occurred in scheduled task
org.springframework.data.redis.RedisConnectionFailureException: Cannot get Jedis connection; nested exception is redis.clients.jedis.exceptions.JedisConnectionException: Could not get a resource from the pool
	at org.springframework.data.redis.connection.jedis.JedisConnectionFactory.fetchJedisConnector(JedisConnectionFactory.java:292) ~[spring-data-redis-2.7.18.jar:2.7.18]
	at org.springframework.data.redis.connection.jedis.JedisConnectionFactory.getConnection(JedisConnectionFactory.java:515) ~[spring-data-redis-2.7.18.jar:2.7.18]
	at org.springframework.data.redis.core.RedisConnectionUtils.fetchConnection(RedisConnectionUtils.java:193) ~[spring-data-redis-2.7.18.jar:2.7.18]
	at org.springframework.data.redis.core.RedisConnectionUtils.doGetConnection(RedisConnectionUtils.java:144) ~[spring-data-redis-2.7.18.jar:2.7.18]
	at org.springframework.data.redis.core.RedisConnectionUtils.getConnection(RedisConnectionUtils.java:105) ~[spring-data-redis-2.7.18.jar:2.7.18]
	at org.springframework.data.redis.core.RedisTemplate.execute(RedisTemplate.java:211) ~[spring-data-redis-2.7.18.jar:2.7.18]
	at org.springframework.data.redis.core.RedisTemplate.execute(RedisTemplate.java:191) ~[spring-data-redis-2.7.18.jar:2.7.18]
	at org.springframework.data.redis.core.AbstractOperations.execute(AbstractOperations.java:97) ~[spring-data-redis-2.7.18.jar:2.7.18]
	at org.springframework.data.redis.core.DefaultListOperations.rightPop(DefaultListOperations.java:233) ~[spring-data-redis-2.7.18.jar:2.7.18]
	at org.ozea.product.scheduler.ProductScheduler.consumeSummaryJobs(ProductScheduler.java:25) ~[classes/:?]
	at java.base/jdk.internal.reflect.DirectMethodHandleAccessor.invoke(DirectMethodHandleAccessor.java:103) ~[?:?]
	at java.base/java.lang.reflect.Method.invoke(Method.java:580) ~[?:?]
	at org.springframework.scheduling.support.ScheduledMethodRunnable.run(ScheduledMethodRunnable.java:84) ~[spring-context-5.3.37.jar:5.3.37]
	at org.springframework.scheduling.support.DelegatingErrorHandlingRunnable.run(DelegatingErrorHandlingRunnable.java:54) ~[spring-context-5.3.37.jar:5.3.37]
	at java.base/java.util.concurrent.Executors$RunnableAdapter.call(Executors.java:572) ~[?:?]
	at java.base/java.util.concurrent.FutureTask.runAndReset(FutureTask.java:358) ~[?:?]
	at java.base/java.util.concurrent.ScheduledThreadPoolExecutor$ScheduledFutureTask.run(ScheduledThreadPoolExecutor.java:305) ~[?:?]
	at java.base/java.util.concurrent.ThreadPoolExecutor.runWorker(ThreadPoolExecutor.java:1144) ~[?:?]
	at java.base/java.util.concurrent.ThreadPoolExecutor$Worker.run(ThreadPoolExecutor.java:642) ~[?:?]
	at java.base/java.lang.Thread.run(Thread.java:1575) [?:?]
Caused by: redis.clients.jedis.exceptions.JedisConnectionException: Could not get a resource from the pool
	at redis.clients.jedis.util.Pool.getResource(Pool.java:84) ~[jedis-3.8.0.jar:?]
	at redis.clients.jedis.JedisPool.getResource(JedisPool.java:377) ~[jedis-3.8.0.jar:?]
	at redis.clients.jedis.JedisPool.getResource(JedisPool.java:15) ~[jedis-3.8.0.jar:?]
	at org.springframework.data.redis.connection.jedis.JedisConnectionFactory.fetchJedisConnector(JedisConnectionFactory.java:283) ~[spring-data-redis-2.7.18.jar:2.7.18]
	... 19 more
Caused by: redis.clients.jedis.exceptions.JedisConnectionException: Failed to create socket.
	at redis.clients.jedis.DefaultJedisSocketFactory.createSocket(DefaultJedisSocketFactory.java:110) ~[jedis-3.8.0.jar:?]
	at redis.clients.jedis.Connection.connect(Connection.java:226) ~[jedis-3.8.0.jar:?]
	at redis.clients.jedis.BinaryClient.connect(BinaryClient.java:144) ~[jedis-3.8.0.jar:?]
	at redis.clients.jedis.BinaryJedis.connect(BinaryJedis.java:314) ~[jedis-3.8.0.jar:?]
	at redis.clients.jedis.BinaryJedis.initializeFromClientConfig(BinaryJedis.java:92) ~[jedis-3.8.0.jar:?]
	at redis.clients.jedis.BinaryJedis.<init>(BinaryJedis.java:297) ~[jedis-3.8.0.jar:?]
	at redis.clients.jedis.Jedis.<init>(Jedis.java:169) ~[jedis-3.8.0.jar:?]
	at redis.clients.jedis.JedisFactory.makeObject(JedisFactory.java:177) ~[jedis-3.8.0.jar:?]
	at org.apache.commons.pool2.impl.GenericObjectPool.create(GenericObjectPool.java:566) ~[commons-pool2-2.12.0.jar:2.12.0]
	at org.apache.commons.pool2.impl.GenericObjectPool.borrowObject(GenericObjectPool.java:306) ~[commons-pool2-2.12.0.jar:2.12.0]
	at org.apache.commons.pool2.impl.GenericObjectPool.borrowObject(GenericObjectPool.java:233) ~[commons-pool2-2.12.0.jar:2.12.0]
	at redis.clients.jedis.util.Pool.getResource(Pool.java:75) ~[jedis-3.8.0.jar:?]
	at redis.clients.jedis.JedisPool.getResource(JedisPool.java:377) ~[jedis-3.8.0.jar:?]
	at redis.clients.jedis.JedisPool.getResource(JedisPool.java:15) ~[jedis-3.8.0.jar:?]
	at org.springframework.data.redis.connection.jedis.JedisConnectionFactory.fetchJedisConnector(JedisConnectionFactory.java:283) ~[spring-data-redis-2.7.18.jar:2.7.18]
	... 19 more
Caused by: java.net.ConnectException: Connection refused
	at java.base/sun.nio.ch.Net.pollConnect(Native Method) ~[?:?]
	at java.base/sun.nio.ch.Net.pollConnectNow(Net.java:682) ~[?:?]
	at java.base/sun.nio.ch.NioSocketImpl.timedFinishConnect(NioSocketImpl.java:542) ~[?:?]
	at java.base/sun.nio.ch.NioSocketImpl.connect(NioSocketImpl.java:592) ~[?:?]
	at java.base/java.net.SocksSocketImpl.connect(SocksSocketImpl.java:327) ~[?:?]
	at java.base/java.net.Socket.connect(Socket.java:760) ~[?:?]
	at redis.clients.jedis.DefaultJedisSocketFactory.createSocket(DefaultJedisSocketFactory.java:80) ~[jedis-3.8.0.jar:?]
	at redis.clients.jedis.Connection.connect(Connection.java:226) ~[jedis-3.8.0.jar:?]
	at redis.clients.jedis.BinaryClient.connect(BinaryClient.java:144) ~[jedis-3.8.0.jar:?]
	at redis.clients.jedis.BinaryJedis.connect(BinaryJedis.java:314) ~[jedis-3.8.0.jar:?]
	at redis.clients.jedis.BinaryJedis.initializeFromClientConfig(BinaryJedis.java:92) ~[jedis-3.8.0.jar:?]
	at redis.clients.jedis.BinaryJedis.<init>(BinaryJedis.java:297) ~[jedis-3.8.0.jar:?]
	at redis.clients.jedis.Jedis.<init>(Jedis.java:169) ~[jedis-3.8.0.jar:?]
	at redis.clients.jedis.JedisFactory.makeObject(JedisFactory.java:177) ~[jedis-3.8.0.jar:?]
	at org.apache.commons.pool2.impl.GenericObjectPool.create(GenericObjectPool.java:566) ~[commons-pool2-2.12.0.jar:2.12.0]
	at org.apache.commons.pool2.impl.GenericObjectPool.borrowObject(GenericObjectPool.java:306) ~[commons-pool2-2.12.0.jar:2.12.0]
	at org.apache.commons.pool2.impl.GenericObjectPool.borrowObject(GenericObjectPool.java:233) ~[commons-pool2-2.12.0.jar:2.12.0]
	at redis.clients.jedis.util.Pool.getResource(Pool.java:75) ~[jedis-3.8.0.jar:?]
	at redis.clients.jedis.JedisPool.getResource(JedisPool.java:377) ~[jedis-3.8.0.jar:?]
	at redis.clients.jedis.JedisPool.getResource(JedisPool.java:15) ~[jedis-3.8.0.jar:?]
	at org.springframework.data.redis.connection.jedis.JedisConnectionFactory.fetchJedisConnector(JedisConnectionFactory.java:283) ~[spring-data-redis-2.7.18.jar:2.7.18]
	... 19 more
2025-08-13 09:15:35.807 [pool-187-thread-1] ERROR org.springframework.scheduling.support.TaskUtils$LoggingErrorHandler - Unexpected error occurred in scheduled task
org.springframework.data.redis.RedisConnectionFailureException: Cannot get Jedis connection; nested exception is redis.clients.jedis.exceptions.JedisConnectionException: Could not get a resource from the pool
	at org.springframework.data.redis.connection.jedis.JedisConnectionFactory.fetchJedisConnector(JedisConnectionFactory.java:292) ~[spring-data-redis-2.7.18.jar:2.7.18]
	at org.springframework.data.redis.connection.jedis.JedisConnectionFactory.getConnection(JedisConnectionFactory.java:515) ~[spring-data-redis-2.7.18.jar:2.7.18]
	at org.springframework.data.redis.core.RedisConnectionUtils.fetchConnection(RedisConnectionUtils.java:193) ~[spring-data-redis-2.7.18.jar:2.7.18]
	at org.springframework.data.redis.core.RedisConnectionUtils.doGetConnection(RedisConnectionUtils.java:144) ~[spring-data-redis-2.7.18.jar:2.7.18]
	at org.springframework.data.redis.core.RedisConnectionUtils.getConnection(RedisConnectionUtils.java:105) ~[spring-data-redis-2.7.18.jar:2.7.18]
	at org.springframework.data.redis.core.RedisTemplate.execute(RedisTemplate.java:211) ~[spring-data-redis-2.7.18.jar:2.7.18]
	at org.springframework.data.redis.core.RedisTemplate.execute(RedisTemplate.java:191) ~[spring-data-redis-2.7.18.jar:2.7.18]
	at org.springframework.data.redis.core.AbstractOperations.execute(AbstractOperations.java:97) ~[spring-data-redis-2.7.18.jar:2.7.18]
	at org.springframework.data.redis.core.DefaultListOperations.rightPop(DefaultListOperations.java:233) ~[spring-data-redis-2.7.18.jar:2.7.18]
	at org.ozea.product.scheduler.ProductScheduler.consumeSummaryJobs(ProductScheduler.java:25) ~[classes/:?]
	at java.base/jdk.internal.reflect.DirectMethodHandleAccessor.invoke(DirectMethodHandleAccessor.java:103) ~[?:?]
	at java.base/java.lang.reflect.Method.invoke(Method.java:580) ~[?:?]
	at org.springframework.scheduling.support.ScheduledMethodRunnable.run(ScheduledMethodRunnable.java:84) ~[spring-context-5.3.37.jar:5.3.37]
	at org.springframework.scheduling.support.DelegatingErrorHandlingRunnable.run(DelegatingErrorHandlingRunnable.java:54) ~[spring-context-5.3.37.jar:5.3.37]
	at java.base/java.util.concurrent.Executors$RunnableAdapter.call(Executors.java:572) ~[?:?]
	at java.base/java.util.concurrent.FutureTask.runAndReset(FutureTask.java:358) ~[?:?]
	at java.base/java.util.concurrent.ScheduledThreadPoolExecutor$ScheduledFutureTask.run(ScheduledThreadPoolExecutor.java:305) ~[?:?]
	at java.base/java.util.concurrent.ThreadPoolExecutor.runWorker(ThreadPoolExecutor.java:1144) ~[?:?]
	at java.base/java.util.concurrent.ThreadPoolExecutor$Worker.run(ThreadPoolExecutor.java:642) ~[?:?]
	at java.base/java.lang.Thread.run(Thread.java:1575) [?:?]
Caused by: redis.clients.jedis.exceptions.JedisConnectionException: Could not get a resource from the pool
	at redis.clients.jedis.util.Pool.getResource(Pool.java:84) ~[jedis-3.8.0.jar:?]
	at redis.clients.jedis.JedisPool.getResource(JedisPool.java:377) ~[jedis-3.8.0.jar:?]
	at redis.clients.jedis.JedisPool.getResource(JedisPool.java:15) ~[jedis-3.8.0.jar:?]
	at org.springframework.data.redis.connection.jedis.JedisConnectionFactory.fetchJedisConnector(JedisConnectionFactory.java:283) ~[spring-data-redis-2.7.18.jar:2.7.18]
	... 19 more
Caused by: redis.clients.jedis.exceptions.JedisConnectionException: Failed to create socket.
	at redis.clients.jedis.DefaultJedisSocketFactory.createSocket(DefaultJedisSocketFactory.java:110) ~[jedis-3.8.0.jar:?]
	at redis.clients.jedis.Connection.connect(Connection.java:226) ~[jedis-3.8.0.jar:?]
	at redis.clients.jedis.BinaryClient.connect(BinaryClient.java:144) ~[jedis-3.8.0.jar:?]
	at redis.clients.jedis.BinaryJedis.connect(BinaryJedis.java:314) ~[jedis-3.8.0.jar:?]
	at redis.clients.jedis.BinaryJedis.initializeFromClientConfig(BinaryJedis.java:92) ~[jedis-3.8.0.jar:?]
	at redis.clients.jedis.BinaryJedis.<init>(BinaryJedis.java:297) ~[jedis-3.8.0.jar:?]
	at redis.clients.jedis.Jedis.<init>(Jedis.java:169) ~[jedis-3.8.0.jar:?]
	at redis.clients.jedis.JedisFactory.makeObject(JedisFactory.java:177) ~[jedis-3.8.0.jar:?]
	at org.apache.commons.pool2.impl.GenericObjectPool.create(GenericObjectPool.java:566) ~[commons-pool2-2.12.0.jar:2.12.0]
	at org.apache.commons.pool2.impl.GenericObjectPool.borrowObject(GenericObjectPool.java:306) ~[commons-pool2-2.12.0.jar:2.12.0]
	at org.apache.commons.pool2.impl.GenericObjectPool.borrowObject(GenericObjectPool.java:233) ~[commons-pool2-2.12.0.jar:2.12.0]
	at redis.clients.jedis.util.Pool.getResource(Pool.java:75) ~[jedis-3.8.0.jar:?]
	at redis.clients.jedis.JedisPool.getResource(JedisPool.java:377) ~[jedis-3.8.0.jar:?]
	at redis.clients.jedis.JedisPool.getResource(JedisPool.java:15) ~[jedis-3.8.0.jar:?]
	at org.springframework.data.redis.connection.jedis.JedisConnectionFactory.fetchJedisConnector(JedisConnectionFactory.java:283) ~[spring-data-redis-2.7.18.jar:2.7.18]
	... 19 more
Caused by: java.net.ConnectException: Connection refused
	at java.base/sun.nio.ch.Net.pollConnect(Native Method) ~[?:?]
	at java.base/sun.nio.ch.Net.pollConnectNow(Net.java:682) ~[?:?]
	at java.base/sun.nio.ch.NioSocketImpl.timedFinishConnect(NioSocketImpl.java:549) ~[?:?]
	at java.base/sun.nio.ch.NioSocketImpl.connect(NioSocketImpl.java:592) ~[?:?]
	at java.base/java.net.SocksSocketImpl.connect(SocksSocketImpl.java:327) ~[?:?]
	at java.base/java.net.Socket.connect(Socket.java:760) ~[?:?]
	at redis.clients.jedis.DefaultJedisSocketFactory.createSocket(DefaultJedisSocketFactory.java:80) ~[jedis-3.8.0.jar:?]
	at redis.clients.jedis.Connection.connect(Connection.java:226) ~[jedis-3.8.0.jar:?]
	at redis.clients.jedis.BinaryClient.connect(BinaryClient.java:144) ~[jedis-3.8.0.jar:?]
	at redis.clients.jedis.BinaryJedis.connect(BinaryJedis.java:314) ~[jedis-3.8.0.jar:?]
	at redis.clients.jedis.BinaryJedis.initializeFromClientConfig(BinaryJedis.java:92) ~[jedis-3.8.0.jar:?]
	at redis.clients.jedis.BinaryJedis.<init>(BinaryJedis.java:297) ~[jedis-3.8.0.jar:?]
	at redis.clients.jedis.Jedis.<init>(Jedis.java:169) ~[jedis-3.8.0.jar:?]
	at redis.clients.jedis.JedisFactory.makeObject(JedisFactory.java:177) ~[jedis-3.8.0.jar:?]
	at org.apache.commons.pool2.impl.GenericObjectPool.create(GenericObjectPool.java:566) ~[commons-pool2-2.12.0.jar:2.12.0]
	at org.apache.commons.pool2.impl.GenericObjectPool.borrowObject(GenericObjectPool.java:306) ~[commons-pool2-2.12.0.jar:2.12.0]
	at org.apache.commons.pool2.impl.GenericObjectPool.borrowObject(GenericObjectPool.java:233) ~[commons-pool2-2.12.0.jar:2.12.0]
	at redis.clients.jedis.util.Pool.getResource(Pool.java:75) ~[jedis-3.8.0.jar:?]
	at redis.clients.jedis.JedisPool.getResource(JedisPool.java:377) ~[jedis-3.8.0.jar:?]
	at redis.clients.jedis.JedisPool.getResource(JedisPool.java:15) ~[jedis-3.8.0.jar:?]
	at org.springframework.data.redis.connection.jedis.JedisConnectionFactory.fetchJedisConnector(JedisConnectionFactory.java:283) ~[spring-data-redis-2.7.18.jar:2.7.18]
	... 19 more
2025-08-13 09:15:36.816 [pool-187-thread-1] ERROR org.springframework.scheduling.support.TaskUtils$LoggingErrorHandler - Unexpected error occurred in scheduled task
org.springframework.data.redis.RedisConnectionFailureException: Cannot get Jedis connection; nested exception is redis.clients.jedis.exceptions.JedisConnectionException: Could not get a resource from the pool
	at org.springframework.data.redis.connection.jedis.JedisConnectionFactory.fetchJedisConnector(JedisConnectionFactory.java:292) ~[spring-data-redis-2.7.18.jar:2.7.18]
	at org.springframework.data.redis.connection.jedis.JedisConnectionFactory.getConnection(JedisConnectionFactory.java:515) ~[spring-data-redis-2.7.18.jar:2.7.18]
	at org.springframework.data.redis.core.RedisConnectionUtils.fetchConnection(RedisConnectionUtils.java:193) ~[spring-data-redis-2.7.18.jar:2.7.18]
	at org.springframework.data.redis.core.RedisConnectionUtils.doGetConnection(RedisConnectionUtils.java:144) ~[spring-data-redis-2.7.18.jar:2.7.18]
	at org.springframework.data.redis.core.RedisConnectionUtils.getConnection(RedisConnectionUtils.java:105) ~[spring-data-redis-2.7.18.jar:2.7.18]
	at org.springframework.data.redis.core.RedisTemplate.execute(RedisTemplate.java:211) ~[spring-data-redis-2.7.18.jar:2.7.18]
	at org.springframework.data.redis.core.RedisTemplate.execute(RedisTemplate.java:191) ~[spring-data-redis-2.7.18.jar:2.7.18]
	at org.springframework.data.redis.core.AbstractOperations.execute(AbstractOperations.java:97) ~[spring-data-redis-2.7.18.jar:2.7.18]
	at org.springframework.data.redis.core.DefaultListOperations.rightPop(DefaultListOperations.java:233) ~[spring-data-redis-2.7.18.jar:2.7.18]
	at org.ozea.product.scheduler.ProductScheduler.consumeSummaryJobs(ProductScheduler.java:25) ~[classes/:?]
	at java.base/jdk.internal.reflect.DirectMethodHandleAccessor.invoke(DirectMethodHandleAccessor.java:103) ~[?:?]
	at java.base/java.lang.reflect.Method.invoke(Method.java:580) ~[?:?]
	at org.springframework.scheduling.support.ScheduledMethodRunnable.run(ScheduledMethodRunnable.java:84) ~[spring-context-5.3.37.jar:5.3.37]
	at org.springframework.scheduling.support.DelegatingErrorHandlingRunnable.run(DelegatingErrorHandlingRunnable.java:54) ~[spring-context-5.3.37.jar:5.3.37]
	at java.base/java.util.concurrent.Executors$RunnableAdapter.call(Executors.java:572) ~[?:?]
	at java.base/java.util.concurrent.FutureTask.runAndReset(FutureTask.java:358) ~[?:?]
	at java.base/java.util.concurrent.ScheduledThreadPoolExecutor$ScheduledFutureTask.run(ScheduledThreadPoolExecutor.java:305) ~[?:?]
	at java.base/java.util.concurrent.ThreadPoolExecutor.runWorker(ThreadPoolExecutor.java:1144) ~[?:?]
	at java.base/java.util.concurrent.ThreadPoolExecutor$Worker.run(ThreadPoolExecutor.java:642) ~[?:?]
	at java.base/java.lang.Thread.run(Thread.java:1575) [?:?]
Caused by: redis.clients.jedis.exceptions.JedisConnectionException: Could not get a resource from the pool
	at redis.clients.jedis.util.Pool.getResource(Pool.java:84) ~[jedis-3.8.0.jar:?]
	at redis.clients.jedis.JedisPool.getResource(JedisPool.java:377) ~[jedis-3.8.0.jar:?]
	at redis.clients.jedis.JedisPool.getResource(JedisPool.java:15) ~[jedis-3.8.0.jar:?]
	at org.springframework.data.redis.connection.jedis.JedisConnectionFactory.fetchJedisConnector(JedisConnectionFactory.java:283) ~[spring-data-redis-2.7.18.jar:2.7.18]
	... 19 more
Caused by: redis.clients.jedis.exceptions.JedisConnectionException: Failed to create socket.
	at redis.clients.jedis.DefaultJedisSocketFactory.createSocket(DefaultJedisSocketFactory.java:110) ~[jedis-3.8.0.jar:?]
	at redis.clients.jedis.Connection.connect(Connection.java:226) ~[jedis-3.8.0.jar:?]
	at redis.clients.jedis.BinaryClient.connect(BinaryClient.java:144) ~[jedis-3.8.0.jar:?]
	at redis.clients.jedis.BinaryJedis.connect(BinaryJedis.java:314) ~[jedis-3.8.0.jar:?]
	at redis.clients.jedis.BinaryJedis.initializeFromClientConfig(BinaryJedis.java:92) ~[jedis-3.8.0.jar:?]
	at redis.clients.jedis.BinaryJedis.<init>(BinaryJedis.java:297) ~[jedis-3.8.0.jar:?]
	at redis.clients.jedis.Jedis.<init>(Jedis.java:169) ~[jedis-3.8.0.jar:?]
	at redis.clients.jedis.JedisFactory.makeObject(JedisFactory.java:177) ~[jedis-3.8.0.jar:?]
	at org.apache.commons.pool2.impl.GenericObjectPool.create(GenericObjectPool.java:566) ~[commons-pool2-2.12.0.jar:2.12.0]
	at org.apache.commons.pool2.impl.GenericObjectPool.borrowObject(GenericObjectPool.java:306) ~[commons-pool2-2.12.0.jar:2.12.0]
	at org.apache.commons.pool2.impl.GenericObjectPool.borrowObject(GenericObjectPool.java:233) ~[commons-pool2-2.12.0.jar:2.12.0]
	at redis.clients.jedis.util.Pool.getResource(Pool.java:75) ~[jedis-3.8.0.jar:?]
	at redis.clients.jedis.JedisPool.getResource(JedisPool.java:377) ~[jedis-3.8.0.jar:?]
	at redis.clients.jedis.JedisPool.getResource(JedisPool.java:15) ~[jedis-3.8.0.jar:?]
	at org.springframework.data.redis.connection.jedis.JedisConnectionFactory.fetchJedisConnector(JedisConnectionFactory.java:283) ~[spring-data-redis-2.7.18.jar:2.7.18]
	... 19 more
Caused by: java.net.ConnectException: Connection refused
	at java.base/sun.nio.ch.Net.pollConnect(Native Method) ~[?:?]
	at java.base/sun.nio.ch.Net.pollConnectNow(Net.java:682) ~[?:?]
	at java.base/sun.nio.ch.NioSocketImpl.timedFinishConnect(NioSocketImpl.java:549) ~[?:?]
	at java.base/sun.nio.ch.NioSocketImpl.connect(NioSocketImpl.java:592) ~[?:?]
	at java.base/java.net.SocksSocketImpl.connect(SocksSocketImpl.java:327) ~[?:?]
	at java.base/java.net.Socket.connect(Socket.java:760) ~[?:?]
	at redis.clients.jedis.DefaultJedisSocketFactory.createSocket(DefaultJedisSocketFactory.java:80) ~[jedis-3.8.0.jar:?]
	at redis.clients.jedis.Connection.connect(Connection.java:226) ~[jedis-3.8.0.jar:?]
	at redis.clients.jedis.BinaryClient.connect(BinaryClient.java:144) ~[jedis-3.8.0.jar:?]
	at redis.clients.jedis.BinaryJedis.connect(BinaryJedis.java:314) ~[jedis-3.8.0.jar:?]
	at redis.clients.jedis.BinaryJedis.initializeFromClientConfig(BinaryJedis.java:92) ~[jedis-3.8.0.jar:?]
	at redis.clients.jedis.BinaryJedis.<init>(BinaryJedis.java:297) ~[jedis-3.8.0.jar:?]
	at redis.clients.jedis.Jedis.<init>(Jedis.java:169) ~[jedis-3.8.0.jar:?]
	at redis.clients.jedis.JedisFactory.makeObject(JedisFactory.java:177) ~[jedis-3.8.0.jar:?]
	at org.apache.commons.pool2.impl.GenericObjectPool.create(GenericObjectPool.java:566) ~[commons-pool2-2.12.0.jar:2.12.0]
	at org.apache.commons.pool2.impl.GenericObjectPool.borrowObject(GenericObjectPool.java:306) ~[commons-pool2-2.12.0.jar:2.12.0]
	at org.apache.commons.pool2.impl.GenericObjectPool.borrowObject(GenericObjectPool.java:233) ~[commons-pool2-2.12.0.jar:2.12.0]
	at redis.clients.jedis.util.Pool.getResource(Pool.java:75) ~[jedis-3.8.0.jar:?]
	at redis.clients.jedis.JedisPool.getResource(JedisPool.java:377) ~[jedis-3.8.0.jar:?]
	at redis.clients.jedis.JedisPool.getResource(JedisPool.java:15) ~[jedis-3.8.0.jar:?]
	at org.springframework.data.redis.connection.jedis.JedisConnectionFactory.fetchJedisConnector(JedisConnectionFactory.java:283) ~[spring-data-redis-2.7.18.jar:2.7.18]
	... 19 more
2025-08-13 09:15:39.586 [pool-187-thread-1] ERROR org.springframework.scheduling.support.TaskUtils$LoggingErrorHandler - Unexpected error occurred in scheduled task
org.springframework.data.redis.RedisConnectionFailureException: Cannot get Jedis connection; nested exception is redis.clients.jedis.exceptions.JedisConnectionException: Could not get a resource from the pool
	at org.springframework.data.redis.connection.jedis.JedisConnectionFactory.fetchJedisConnector(JedisConnectionFactory.java:292) ~[spring-data-redis-2.7.18.jar:2.7.18]
	at org.springframework.data.redis.connection.jedis.JedisConnectionFactory.getConnection(JedisConnectionFactory.java:515) ~[spring-data-redis-2.7.18.jar:2.7.18]
	at org.springframework.data.redis.core.RedisConnectionUtils.fetchConnection(RedisConnectionUtils.java:193) ~[spring-data-redis-2.7.18.jar:2.7.18]
	at org.springframework.data.redis.core.RedisConnectionUtils.doGetConnection(RedisConnectionUtils.java:144) ~[spring-data-redis-2.7.18.jar:2.7.18]
	at org.springframework.data.redis.core.RedisConnectionUtils.getConnection(RedisConnectionUtils.java:105) ~[spring-data-redis-2.7.18.jar:2.7.18]
	at org.springframework.data.redis.core.RedisTemplate.execute(RedisTemplate.java:211) ~[spring-data-redis-2.7.18.jar:2.7.18]
	at org.springframework.data.redis.core.RedisTemplate.execute(RedisTemplate.java:191) ~[spring-data-redis-2.7.18.jar:2.7.18]
	at org.springframework.data.redis.core.AbstractOperations.execute(AbstractOperations.java:97) ~[spring-data-redis-2.7.18.jar:2.7.18]
	at org.springframework.data.redis.core.DefaultListOperations.rightPop(DefaultListOperations.java:233) ~[spring-data-redis-2.7.18.jar:2.7.18]
	at org.ozea.product.scheduler.ProductScheduler.consumeSummaryJobs(ProductScheduler.java:25) ~[classes/:?]
	at java.base/jdk.internal.reflect.DirectMethodHandleAccessor.invoke(DirectMethodHandleAccessor.java:103) ~[?:?]
	at java.base/java.lang.reflect.Method.invoke(Method.java:580) ~[?:?]
	at org.springframework.scheduling.support.ScheduledMethodRunnable.run(ScheduledMethodRunnable.java:84) ~[spring-context-5.3.37.jar:5.3.37]
	at org.springframework.scheduling.support.DelegatingErrorHandlingRunnable.run(DelegatingErrorHandlingRunnable.java:54) ~[spring-context-5.3.37.jar:5.3.37]
	at java.base/java.util.concurrent.Executors$RunnableAdapter.call(Executors.java:572) ~[?:?]
	at java.base/java.util.concurrent.FutureTask.runAndReset(FutureTask.java:358) ~[?:?]
	at java.base/java.util.concurrent.ScheduledThreadPoolExecutor$ScheduledFutureTask.run(ScheduledThreadPoolExecutor.java:305) ~[?:?]
	at java.base/java.util.concurrent.ThreadPoolExecutor.runWorker(ThreadPoolExecutor.java:1144) ~[?:?]
	at java.base/java.util.concurrent.ThreadPoolExecutor$Worker.run(ThreadPoolExecutor.java:642) ~[?:?]
	at java.base/java.lang.Thread.run(Thread.java:1575) [?:?]
Caused by: redis.clients.jedis.exceptions.JedisConnectionException: Could not get a resource from the pool
	at redis.clients.jedis.util.Pool.getResource(Pool.java:84) ~[jedis-3.8.0.jar:?]
	at redis.clients.jedis.JedisPool.getResource(JedisPool.java:377) ~[jedis-3.8.0.jar:?]
	at redis.clients.jedis.JedisPool.getResource(JedisPool.java:15) ~[jedis-3.8.0.jar:?]
	at org.springframework.data.redis.connection.jedis.JedisConnectionFactory.fetchJedisConnector(JedisConnectionFactory.java:283) ~[spring-data-redis-2.7.18.jar:2.7.18]
	... 19 more
Caused by: redis.clients.jedis.exceptions.JedisConnectionException: Failed to create socket.
	at redis.clients.jedis.DefaultJedisSocketFactory.createSocket(DefaultJedisSocketFactory.java:110) ~[jedis-3.8.0.jar:?]
	at redis.clients.jedis.Connection.connect(Connection.java:226) ~[jedis-3.8.0.jar:?]
	at redis.clients.jedis.BinaryClient.connect(BinaryClient.java:144) ~[jedis-3.8.0.jar:?]
	at redis.clients.jedis.BinaryJedis.connect(BinaryJedis.java:314) ~[jedis-3.8.0.jar:?]
	at redis.clients.jedis.BinaryJedis.initializeFromClientConfig(BinaryJedis.java:92) ~[jedis-3.8.0.jar:?]
	at redis.clients.jedis.BinaryJedis.<init>(BinaryJedis.java:297) ~[jedis-3.8.0.jar:?]
	at redis.clients.jedis.Jedis.<init>(Jedis.java:169) ~[jedis-3.8.0.jar:?]
	at redis.clients.jedis.JedisFactory.makeObject(JedisFactory.java:177) ~[jedis-3.8.0.jar:?]
	at org.apache.commons.pool2.impl.GenericObjectPool.create(GenericObjectPool.java:566) ~[commons-pool2-2.12.0.jar:2.12.0]
	at org.apache.commons.pool2.impl.GenericObjectPool.borrowObject(GenericObjectPool.java:306) ~[commons-pool2-2.12.0.jar:2.12.0]
	at org.apache.commons.pool2.impl.GenericObjectPool.borrowObject(GenericObjectPool.java:233) ~[commons-pool2-2.12.0.jar:2.12.0]
	at redis.clients.jedis.util.Pool.getResource(Pool.java:75) ~[jedis-3.8.0.jar:?]
	at redis.clients.jedis.JedisPool.getResource(JedisPool.java:377) ~[jedis-3.8.0.jar:?]
	at redis.clients.jedis.JedisPool.getResource(JedisPool.java:15) ~[jedis-3.8.0.jar:?]
	at org.springframework.data.redis.connection.jedis.JedisConnectionFactory.fetchJedisConnector(JedisConnectionFactory.java:283) ~[spring-data-redis-2.7.18.jar:2.7.18]
	... 19 more
Caused by: java.net.ConnectException: Connection refused
	at java.base/sun.nio.ch.Net.pollConnect(Native Method) ~[?:?]
	at java.base/sun.nio.ch.Net.pollConnectNow(Net.java:682) ~[?:?]
	at java.base/sun.nio.ch.NioSocketImpl.timedFinishConnect(NioSocketImpl.java:549) ~[?:?]
	at java.base/sun.nio.ch.NioSocketImpl.connect(NioSocketImpl.java:592) ~[?:?]
	at java.base/java.net.SocksSocketImpl.connect(SocksSocketImpl.java:327) ~[?:?]
	at java.base/java.net.Socket.connect(Socket.java:760) ~[?:?]
	at redis.clients.jedis.DefaultJedisSocketFactory.createSocket(DefaultJedisSocketFactory.java:80) ~[jedis-3.8.0.jar:?]
	at redis.clients.jedis.Connection.connect(Connection.java:226) ~[jedis-3.8.0.jar:?]
	at redis.clients.jedis.BinaryClient.connect(BinaryClient.java:144) ~[jedis-3.8.0.jar:?]
	at redis.clients.jedis.BinaryJedis.connect(BinaryJedis.java:314) ~[jedis-3.8.0.jar:?]
	at redis.clients.jedis.BinaryJedis.initializeFromClientConfig(BinaryJedis.java:92) ~[jedis-3.8.0.jar:?]
	at redis.clients.jedis.BinaryJedis.<init>(BinaryJedis.java:297) ~[jedis-3.8.0.jar:?]
	at redis.clients.jedis.Jedis.<init>(Jedis.java:169) ~[jedis-3.8.0.jar:?]
	at redis.clients.jedis.JedisFactory.makeObject(JedisFactory.java:177) ~[jedis-3.8.0.jar:?]
	at org.apache.commons.pool2.impl.GenericObjectPool.create(GenericObjectPool.java:566) ~[commons-pool2-2.12.0.jar:2.12.0]
	at org.apache.commons.pool2.impl.GenericObjectPool.borrowObject(GenericObjectPool.java:306) ~[commons-pool2-2.12.0.jar:2.12.0]
	at org.apache.commons.pool2.impl.GenericObjectPool.borrowObject(GenericObjectPool.java:233) ~[commons-pool2-2.12.0.jar:2.12.0]
	at redis.clients.jedis.util.Pool.getResource(Pool.java:75) ~[jedis-3.8.0.jar:?]
	at redis.clients.jedis.JedisPool.getResource(JedisPool.java:377) ~[jedis-3.8.0.jar:?]
	at redis.clients.jedis.JedisPool.getResource(JedisPool.java:15) ~[jedis-3.8.0.jar:?]
	at org.springframework.data.redis.connection.jedis.JedisConnectionFactory.fetchJedisConnector(JedisConnectionFactory.java:283) ~[spring-data-redis-2.7.18.jar:2.7.18]
	... 19 more
2025-08-13 09:15:40.593 [pool-187-thread-1] ERROR org.springframework.scheduling.support.TaskUtils$LoggingErrorHandler - Unexpected error occurred in scheduled task
org.springframework.data.redis.RedisConnectionFailureException: Cannot get Jedis connection; nested exception is redis.clients.jedis.exceptions.JedisConnectionException: Could not get a resource from the pool
	at org.springframework.data.redis.connection.jedis.JedisConnectionFactory.fetchJedisConnector(JedisConnectionFactory.java:292) ~[spring-data-redis-2.7.18.jar:2.7.18]
	at org.springframework.data.redis.connection.jedis.JedisConnectionFactory.getConnection(JedisConnectionFactory.java:515) ~[spring-data-redis-2.7.18.jar:2.7.18]
	at org.springframework.data.redis.core.RedisConnectionUtils.fetchConnection(RedisConnectionUtils.java:193) ~[spring-data-redis-2.7.18.jar:2.7.18]
	at org.springframework.data.redis.core.RedisConnectionUtils.doGetConnection(RedisConnectionUtils.java:144) ~[spring-data-redis-2.7.18.jar:2.7.18]
	at org.springframework.data.redis.core.RedisConnectionUtils.getConnection(RedisConnectionUtils.java:105) ~[spring-data-redis-2.7.18.jar:2.7.18]
	at org.springframework.data.redis.core.RedisTemplate.execute(RedisTemplate.java:211) ~[spring-data-redis-2.7.18.jar:2.7.18]
	at org.springframework.data.redis.core.RedisTemplate.execute(RedisTemplate.java:191) ~[spring-data-redis-2.7.18.jar:2.7.18]
	at org.springframework.data.redis.core.AbstractOperations.execute(AbstractOperations.java:97) ~[spring-data-redis-2.7.18.jar:2.7.18]
	at org.springframework.data.redis.core.DefaultListOperations.rightPop(DefaultListOperations.java:233) ~[spring-data-redis-2.7.18.jar:2.7.18]
	at org.ozea.product.scheduler.ProductScheduler.consumeSummaryJobs(ProductScheduler.java:25) ~[classes/:?]
	at java.base/jdk.internal.reflect.DirectMethodHandleAccessor.invoke(DirectMethodHandleAccessor.java:103) ~[?:?]
	at java.base/java.lang.reflect.Method.invoke(Method.java:580) ~[?:?]
	at org.springframework.scheduling.support.ScheduledMethodRunnable.run(ScheduledMethodRunnable.java:84) ~[spring-context-5.3.37.jar:5.3.37]
	at org.springframework.scheduling.support.DelegatingErrorHandlingRunnable.run(DelegatingErrorHandlingRunnable.java:54) ~[spring-context-5.3.37.jar:5.3.37]
	at java.base/java.util.concurrent.Executors$RunnableAdapter.call(Executors.java:572) ~[?:?]
	at java.base/java.util.concurrent.FutureTask.runAndReset(FutureTask.java:358) ~[?:?]
	at java.base/java.util.concurrent.ScheduledThreadPoolExecutor$ScheduledFutureTask.run(ScheduledThreadPoolExecutor.java:305) ~[?:?]
	at java.base/java.util.concurrent.ThreadPoolExecutor.runWorker(ThreadPoolExecutor.java:1144) ~[?:?]
	at java.base/java.util.concurrent.ThreadPoolExecutor$Worker.run(ThreadPoolExecutor.java:642) ~[?:?]
	at java.base/java.lang.Thread.run(Thread.java:1575) [?:?]
Caused by: redis.clients.jedis.exceptions.JedisConnectionException: Could not get a resource from the pool
	at redis.clients.jedis.util.Pool.getResource(Pool.java:84) ~[jedis-3.8.0.jar:?]
	at redis.clients.jedis.JedisPool.getResource(JedisPool.java:377) ~[jedis-3.8.0.jar:?]
	at redis.clients.jedis.JedisPool.getResource(JedisPool.java:15) ~[jedis-3.8.0.jar:?]
	at org.springframework.data.redis.connection.jedis.JedisConnectionFactory.fetchJedisConnector(JedisConnectionFactory.java:283) ~[spring-data-redis-2.7.18.jar:2.7.18]
	... 19 more
Caused by: redis.clients.jedis.exceptions.JedisConnectionException: Failed to create socket.
	at redis.clients.jedis.DefaultJedisSocketFactory.createSocket(DefaultJedisSocketFactory.java:110) ~[jedis-3.8.0.jar:?]
	at redis.clients.jedis.Connection.connect(Connection.java:226) ~[jedis-3.8.0.jar:?]
	at redis.clients.jedis.BinaryClient.connect(BinaryClient.java:144) ~[jedis-3.8.0.jar:?]
	at redis.clients.jedis.BinaryJedis.connect(BinaryJedis.java:314) ~[jedis-3.8.0.jar:?]
	at redis.clients.jedis.BinaryJedis.initializeFromClientConfig(BinaryJedis.java:92) ~[jedis-3.8.0.jar:?]
	at redis.clients.jedis.BinaryJedis.<init>(BinaryJedis.java:297) ~[jedis-3.8.0.jar:?]
	at redis.clients.jedis.Jedis.<init>(Jedis.java:169) ~[jedis-3.8.0.jar:?]
	at redis.clients.jedis.JedisFactory.makeObject(JedisFactory.java:177) ~[jedis-3.8.0.jar:?]
	at org.apache.commons.pool2.impl.GenericObjectPool.create(GenericObjectPool.java:566) ~[commons-pool2-2.12.0.jar:2.12.0]
	at org.apache.commons.pool2.impl.GenericObjectPool.borrowObject(GenericObjectPool.java:306) ~[commons-pool2-2.12.0.jar:2.12.0]
	at org.apache.commons.pool2.impl.GenericObjectPool.borrowObject(GenericObjectPool.java:233) ~[commons-pool2-2.12.0.jar:2.12.0]
	at redis.clients.jedis.util.Pool.getResource(Pool.java:75) ~[jedis-3.8.0.jar:?]
	at redis.clients.jedis.JedisPool.getResource(JedisPool.java:377) ~[jedis-3.8.0.jar:?]
	at redis.clients.jedis.JedisPool.getResource(JedisPool.java:15) ~[jedis-3.8.0.jar:?]
	at org.springframework.data.redis.connection.jedis.JedisConnectionFactory.fetchJedisConnector(JedisConnectionFactory.java:283) ~[spring-data-redis-2.7.18.jar:2.7.18]
	... 19 more
Caused by: java.net.ConnectException: Connection refused
	at java.base/sun.nio.ch.Net.pollConnect(Native Method) ~[?:?]
	at java.base/sun.nio.ch.Net.pollConnectNow(Net.java:682) ~[?:?]
	at java.base/sun.nio.ch.NioSocketImpl.timedFinishConnect(NioSocketImpl.java:549) ~[?:?]
	at java.base/sun.nio.ch.NioSocketImpl.connect(NioSocketImpl.java:592) ~[?:?]
	at java.base/java.net.SocksSocketImpl.connect(SocksSocketImpl.java:327) ~[?:?]
	at java.base/java.net.Socket.connect(Socket.java:760) ~[?:?]
	at redis.clients.jedis.DefaultJedisSocketFactory.createSocket(DefaultJedisSocketFactory.java:80) ~[jedis-3.8.0.jar:?]
	at redis.clients.jedis.Connection.connect(Connection.java:226) ~[jedis-3.8.0.jar:?]
	at redis.clients.jedis.BinaryClient.connect(BinaryClient.java:144) ~[jedis-3.8.0.jar:?]
	at redis.clients.jedis.BinaryJedis.connect(BinaryJedis.java:314) ~[jedis-3.8.0.jar:?]
	at redis.clients.jedis.BinaryJedis.initializeFromClientConfig(BinaryJedis.java:92) ~[jedis-3.8.0.jar:?]
	at redis.clients.jedis.BinaryJedis.<init>(BinaryJedis.java:297) ~[jedis-3.8.0.jar:?]
	at redis.clients.jedis.Jedis.<init>(Jedis.java:169) ~[jedis-3.8.0.jar:?]
	at redis.clients.jedis.JedisFactory.makeObject(JedisFactory.java:177) ~[jedis-3.8.0.jar:?]
	at org.apache.commons.pool2.impl.GenericObjectPool.create(GenericObjectPool.java:566) ~[commons-pool2-2.12.0.jar:2.12.0]
	at org.apache.commons.pool2.impl.GenericObjectPool.borrowObject(GenericObjectPool.java:306) ~[commons-pool2-2.12.0.jar:2.12.0]
	at org.apache.commons.pool2.impl.GenericObjectPool.borrowObject(GenericObjectPool.java:233) ~[commons-pool2-2.12.0.jar:2.12.0]
	at redis.clients.jedis.util.Pool.getResource(Pool.java:75) ~[jedis-3.8.0.jar:?]
	at redis.clients.jedis.JedisPool.getResource(JedisPool.java:377) ~[jedis-3.8.0.jar:?]
	at redis.clients.jedis.JedisPool.getResource(JedisPool.java:15) ~[jedis-3.8.0.jar:?]
	at org.springframework.data.redis.connection.jedis.JedisConnectionFactory.fetchJedisConnector(JedisConnectionFactory.java:283) ~[spring-data-redis-2.7.18.jar:2.7.18]
	... 19 more
2025-08-13 09:15:41.495 [Thread-1] INFO  com.zaxxer.hikari.HikariDataSource - HikariPool-60 - Shutdown initiated...
2025-08-13 09:15:41.507 [HikariPool-60 connection closer] INFO  jdbc.connection - 58. Connection closed
2025-08-13 09:15:41.508 [HikariPool-60 connection closer] INFO  jdbc.audit - 58. Connection.close() returned 
2025-08-13 09:15:41.509 [HikariPool-60 connection closer] INFO  jdbc.connection - 59. Connection closed
2025-08-13 09:15:41.509 [HikariPool-60 connection closer] INFO  jdbc.audit - 59. Connection.close() returned 
2025-08-13 09:15:41.514 [HikariPool-60 connection closer] INFO  jdbc.connection - 60. Connection closed
2025-08-13 09:15:41.515 [HikariPool-60 connection closer] INFO  jdbc.audit - 60. Connection.close() returned 
2025-08-13 09:15:41.516 [HikariPool-60 connection closer] INFO  jdbc.connection - 61. Connection closed
2025-08-13 09:15:41.516 [HikariPool-60 connection closer] INFO  jdbc.audit - 61. Connection.close() returned 
2025-08-13 09:15:41.518 [HikariPool-60 connection closer] INFO  jdbc.connection - 62. Connection closed
2025-08-13 09:15:41.518 [HikariPool-60 connection closer] INFO  jdbc.audit - 62. Connection.close() returned 
2025-08-13 09:15:41.518 [Thread-1] INFO  com.zaxxer.hikari.HikariDataSource - HikariPool-60 - Shutdown completed.
